-------------------------------------------------------------------------------
Test set: com.jpa.hibernate.demo.repo.StudentRepoTest
-------------------------------------------------------------------------------
Tests run: 4, Failures: 0, Errors: 1, Skipped: 0, Time elapsed: 1.478 s <<< FAILURE! - in com.jpa.hibernate.demo.repo.StudentRepoTest
retriveDetailsAndPassport(com.jpa.hibernate.demo.repo.StudentRepoTest)  Time elapsed: 0.002 s  <<< ERROR!
org.hibernate.LazyInitializationException: could not initialize proxy - no Session
	at com.jpa.hibernate.demo.repo.StudentRepoTest.retriveDetailsAndPassport(StudentRepoTest.java:33)

