-------------------------------------------------------------------------------
Test set: com.jpa.hibernate.demo.repo.CourseRepoTest
-------------------------------------------------------------------------------
Tests run: 6, Failures: 0, Errors: 1, Skipped: 0, Time elapsed: 2.811 sec <<< FAILURE! - in com.jpa.hibernate.demo.repo.CourseRepoTest
contextLoads(com.jpa.hibernate.demo.repo.CourseRepoTest)  Time elapsed: 0.015 sec  <<< ERROR!
java.lang.NullPointerException: null
	at com.jpa.hibernate.demo.repo.CourseRepoTest.contextLoads(CourseRepoTest.java:38)

