<?xml version="1.0" encoding="UTF-8"?>
<testsuite xmlns:xsi="http://www.w3.org/2001/XMLSchema-instance" xsi:noNamespaceSchemaLocation="https://maven.apache.org/surefire/maven-surefire-plugin/xsd/surefire-test-report.xsd" name="com.jpa.hibernate.demo.repo.StudentRepoTest" time="2.808" tests="2" errors="2" skipped="0" failures="0">
  <properties>
[...]
</properties>
  <testcase name="functionForTransactionalVerify" classname="com.jpa.hibernate.demo.repo.StudentRepoTest" time="0">
    <error type="java.lang.StackOverflowError">java.lang.StackOverflowError
</error>
    <system-out><![CDATA[2019-06-19 12:01:14.327  INFO 6732 --- [           main] .b.t.c.SpringBootTestContextBootstrapper : Neither @ContextConfiguration nor @ContextHierarchy found for test class [com.jpa.hibernate.demo.repo.StudentRepoTest], using SpringBootContextLoader
2019-06-19 12:01:14.328  INFO 6732 --- [           main] o.s.t.c.support.AbstractContextLoader    : Could not detect default resource locations for test class [com.jpa.hibernate.demo.repo.StudentRepoTest]: no resource found for suffixes {-context.xml, Context.groovy}.
2019-06-19 12:01:14.331  INFO 6732 --- [           main] .b.t.c.SpringBootTestContextBootstrapper : Loaded default TestExecutionListener class names from location [META-INF/spring.factories]: [org.springframework.boot.test.mock.mockito.MockitoTestExecutionListener, org.springframework.boot.test.mock.mockito.ResetMocksTestExecutionListener, org.springframework.boot.test.autoconfigure.restdocs.RestDocsTestExecutionListener, org.springframework.boot.test.autoconfigure.web.client.MockRestServiceServerResetTestExecutionListener, org.springframework.boot.test.autoconfigure.web.servlet.MockMvcPrintOnlyOnFailureTestExecutionListener, org.springframework.boot.test.autoconfigure.web.servlet.WebDriverTestExecutionListener, org.springframework.test.context.web.ServletTestExecutionListener, org.springframework.test.context.support.DirtiesContextBeforeModesTestExecutionListener, org.springframework.test.context.support.DependencyInjectionTestExecutionListener, org.springframework.test.context.support.DirtiesContextTestExecutionListener, org.springframework.test.context.transaction.TransactionalTestExecutionListener, org.springframework.test.context.jdbc.SqlScriptsTestExecutionListener]
2019-06-19 12:01:14.332  INFO 6732 --- [           main] .b.t.c.SpringBootTestContextBootstrapper : Using TestExecutionListeners: [org.springframework.test.context.web.ServletTestExecutionListener@1ecf19e8, org.springframework.test.context.support.DirtiesContextBeforeModesTestExecutionListener@11d1c51a, org.springframework.boot.test.autoconfigure.SpringBootDependencyInjectionTestExecutionListener@64d19dad, org.springframework.test.context.support.DirtiesContextTestExecutionListener@4a1bb556, org.springframework.test.context.transaction.TransactionalTestExecutionListener@2cfde5a4, org.springframework.test.context.jdbc.SqlScriptsTestExecutionListener@339b1c34, org.springframework.boot.test.mock.mockito.ResetMocksTestExecutionListener@5b4fd31f, org.springframework.boot.test.mock.mockito.MockitoTestExecutionListener@4c697c25, org.springframework.boot.test.autoconfigure.restdocs.RestDocsTestExecutionListener@ffa60c9, org.springframework.boot.test.autoconfigure.web.servlet.MockMvcPrintOnlyOnFailureTestExecutionListener@646ba7be, org.springframework.boot.test.autoconfigure.web.client.MockRestServiceServerResetTestExecutionListener@41194707, org.springframework.boot.test.autoconfigure.web.servlet.WebDriverTestExecutionListener@46969355]

  .   ____          _            __ _ _
 /\\ / ___'_ __ _ _(_)_ __  __ _ \ \ \ \
( ( )\___ | '_ | '_| | '_ \/ _` | \ \ \ \
 \\/  ___)| |_)| | | | | || (_| |  ) ) ) )
  '  |____| .__|_| |_|_| |_\__, | / / / /
 =========|_|==============|___/=/_/_/_/
 :: Spring Boot ::        (v1.5.9.RELEASE)

2019-06-19 12:01:14.370  INFO 6732 --- [           main] c.j.hibernate.demo.repo.StudentRepoTest  : Starting StudentRepoTest on Sudhir with PID 6732 (started by sudha in C:\Users\sudha\Jpa-hibernate-in-depth\jpa-hibernate)
2019-06-19 12:01:14.370  INFO 6732 --- [           main] c.j.hibernate.demo.repo.StudentRepoTest  : No active profile set, falling back to default profiles: default
2019-06-19 12:01:14.372  INFO 6732 --- [           main] o.s.w.c.s.GenericWebApplicationContext   : Refreshing org.springframework.web.context.support.GenericWebApplicationContext@3e3a7482: startup date [Wed Jun 19 12:01:14 IST 2019]; root of context hierarchy
2019-06-19 12:01:15.144  INFO 6732 --- [           main] j.LocalContainerEntityManagerFactoryBean : Building JPA container EntityManagerFactory for persistence unit 'default'
2019-06-19 12:01:15.144  INFO 6732 --- [           main] o.hibernate.jpa.internal.util.LogHelper  : HHH000204: Processing PersistenceUnitInfo [
	name: default
	...]
2019-06-19 12:01:15.149  INFO 6732 --- [           main] org.hibernate.dialect.Dialect            : HHH000400: Using dialect: org.hibernate.dialect.MySQL5Dialect
2019-06-19 12:01:15.169  INFO 6732 --- [           main] o.h.h.i.QueryTranslatorFactoryInitiator  : HHH000397: Using ASTQueryTranslatorFactory
2019-06-19 12:01:15.172  INFO 6732 --- [           main] j.LocalContainerEntityManagerFactoryBean : Initialized JPA EntityManagerFactory for persistence unit 'default'
2019-06-19 12:01:15.436  INFO 6732 --- [           main] s.w.s.m.m.a.RequestMappingHandlerAdapter : Looking for @ControllerAdvice: org.springframework.web.context.support.GenericWebApplicationContext@3e3a7482: startup date [Wed Jun 19 12:01:14 IST 2019]; root of context hierarchy
2019-06-19 12:01:15.451  INFO 6732 --- [           main] s.w.s.m.m.a.RequestMappingHandlerMapping : Mapped "{[/error]}" onto public org.springframework.http.ResponseEntity<java.util.Map<java.lang.String, java.lang.Object>> org.springframework.boot.autoconfigure.web.BasicErrorController.error(javax.servlet.http.HttpServletRequest)
2019-06-19 12:01:15.453  INFO 6732 --- [           main] s.w.s.m.m.a.RequestMappingHandlerMapping : Mapped "{[/error],produces=[text/html]}" onto public org.springframework.web.servlet.ModelAndView org.springframework.boot.autoconfigure.web.BasicErrorController.errorHtml(javax.servlet.http.HttpServletRequest,javax.servlet.http.HttpServletResponse)
2019-06-19 12:01:15.475  INFO 6732 --- [           main] o.s.w.s.handler.SimpleUrlHandlerMapping  : Mapped URL path [/webjars/**] onto handler of type [class org.springframework.web.servlet.resource.ResourceHttpRequestHandler]
2019-06-19 12:01:15.475  INFO 6732 --- [           main] o.s.w.s.handler.SimpleUrlHandlerMapping  : Mapped URL path [/**] onto handler of type [class org.springframework.web.servlet.resource.ResourceHttpRequestHandler]
2019-06-19 12:01:15.505  INFO 6732 --- [           main] o.s.w.s.handler.SimpleUrlHandlerMapping  : Mapped URL path [/**/favicon.ico] onto handler of type [class org.springframework.web.servlet.resource.ResourceHttpRequestHandler]
Hibernate: select course0_.id as id1_0_0_, course0_.address as address2_0_0_, course0_.contact as contact3_0_0_, course0_.email as email4_0_0_, course0_.name as name5_0_0_ from course course0_ where course0_.id=?
Hibernate: select rating0_.course_id as course_i4_3_0_, rating0_.id as id1_3_0_, rating0_.id as id1_3_1_, rating0_.course_id as course_i4_3_1_, rating0_.description as descript2_3_1_, rating0_.rating as rating3_3_1_ from review rating0_ where rating0_.course_id=?
2019-06-19 12:01:15.808  INFO 6732 --- [           main] utoConfigurationReportLoggingInitializer : 

Error starting ApplicationContext. To display the auto-configuration report re-run your application with 'debug' enabled.
2019-06-19 12:01:15.811 ERROR 6732 --- [           main] o.s.boot.SpringApplication               : Application startup failed

java.lang.StackOverflowError: null
	at java.util.AbstractCollection.toString(AbstractCollection.java:454) ~[na:1.8.0_131]
	at org.hibernate.collection.internal.PersistentBag.toString(PersistentBag.java:510) ~[hibernate-core-5.0.12.Final.jar:5.0.12.Final]
	at java.lang.String.valueOf(String.java:2994) ~[na:1.8.0_131]
	at java.lang.StringBuilder.append(StringBuilder.java:131) ~[na:1.8.0_131]
	at com.jpa.hibernate.demo.entity.Course.toString(Course.java:105) ~[classes/:na]
	at java.lang.String.valueOf(String.java:2994) ~[na:1.8.0_131]
	at java.lang.StringBuilder.append(StringBuilder.java:131) ~[na:1.8.0_131]
	at com.jpa.hibernate.demo.entity.Rating.toString(Rating.java:55) ~[classes/:na]
	at java.lang.String.valueOf(String.java:2994) ~[na:1.8.0_131]
	at java.lang.StringBuilder.append(StringBuilder.java:131) ~[na:1.8.0_131]
	at java.util.AbstractCollection.toString(AbstractCollection.java:462) ~[na:1.8.0_131]
	at org.hibernate.collection.internal.PersistentBag.toString(PersistentBag.java:510) ~[hibernate-core-5.0.12.Final.jar:5.0.12.Final]
	at java.lang.String.valueOf(String.java:2994) ~[na:1.8.0_131]
	at java.lang.StringBuilder.append(StringBuilder.java:131) ~[na:1.8.0_131]
	at com.jpa.hibernate.demo.entity.Course.toString(Course.java:105) ~[classes/:na]
	at java.lang.String.valueOf(String.java:2994) ~[na:1.8.0_131]
	at java.lang.StringBuilder.append(StringBuilder.java:131) ~[na:1.8.0_131]
	at com.jpa.hibernate.demo.entity.Rating.toString(Rating.java:55) ~[classes/:na]
	at java.lang.String.valueOf(String.java:2994) ~[na:1.8.0_131]
	at java.lang.StringBuilder.append(StringBuilder.java:131) ~[na:1.8.0_131]
	at java.util.AbstractCollection.toString(AbstractCollection.java:462) ~[na:1.8.0_131]
	at org.hibernate.collection.internal.PersistentBag.toString(PersistentBag.java:510) ~[hibernate-core-5.0.12.Final.jar:5.0.12.Final]
	at java.lang.String.valueOf(String.java:2994) ~[na:1.8.0_131]
	at java.lang.StringBuilder.append(StringBuilder.java:131) ~[na:1.8.0_131]
	at com.jpa.hibernate.demo.entity.Course.toString(Course.java:105) ~[classes/:na]
	at java.lang.String.valueOf(String.java:2994) ~[na:1.8.0_131]
	at java.lang.StringBuilder.append(StringBuilder.java:131) ~[na:1.8.0_131]
	at com.jpa.hibernate.demo.entity.Rating.toString(Rating.java:55) ~[classes/:na]
	at java.lang.String.valueOf(String.java:2994) ~[na:1.8.0_131]
	at java.lang.StringBuilder.append(StringBuilder.java:131) ~[na:1.8.0_131]
	at java.util.AbstractCollection.toString(AbstractCollection.java:462) ~[na:1.8.0_131]
	at org.hibernate.collection.internal.PersistentBag.toString(PersistentBag.java:510) ~[hibernate-core-5.0.12.Final.jar:5.0.12.Final]
	at java.lang.String.valueOf(String.java:2994) ~[na:1.8.0_131]
	at java.lang.StringBuilder.append(StringBuilder.java:131) ~[na:1.8.0_131]
	at com.jpa.hibernate.demo.entity.Course.toString(Course.java:105) ~[classes/:na]
	at java.lang.String.valueOf(String.java:2994) ~[na:1.8.0_131]
	at java.lang.StringBuilder.append(StringBuilder.java:131) ~[na:1.8.0_131]
	at com.jpa.hibernate.demo.entity.Rating.toString(Rating.java:55) ~[classes/:na]
	at java.lang.String.valueOf(String.java:2994) ~[na:1.8.0_131]
	at java.lang.StringBuilder.append(StringBuilder.java:131) ~[na:1.8.0_131]
	at java.util.AbstractCollection.toString(AbstractCollection.java:462) ~[na:1.8.0_131]
	at org.hibernate.collection.internal.PersistentBag.toString(PersistentBag.java:510) ~[hibernate-core-5.0.12.Final.jar:5.0.12.Final]
	at java.lang.String.valueOf(String.java:2994) ~[na:1.8.0_131]
	at java.lang.StringBuilder.append(StringBuilder.java:131) ~[na:1.8.0_131]
	at com.jpa.hibernate.demo.entity.Course.toString(Course.java:105) ~[classes/:na]
	at java.lang.String.valueOf(String.java:2994) ~[na:1.8.0_131]
	at java.lang.StringBuilder.append(StringBuilder.java:131) ~[na:1.8.0_131]
	at com.jpa.hibernate.demo.entity.Rating.toString(Rating.java:55) ~[classes/:na]
	at java.lang.String.valueOf(String.java:2994) ~[na:1.8.0_131]
	at java.lang.StringBuilder.append(StringBuilder.java:131) ~[na:1.8.0_131]
	at java.util.AbstractCollection.toString(AbstractCollection.java:462) ~[na:1.8.0_131]
	at org.hibernate.collection.internal.PersistentBag.toString(PersistentBag.java:510) ~[hibernate-core-5.0.12.Final.jar:5.0.12.Final]
	at java.lang.String.valueOf(String.java:2994) ~[na:1.8.0_131]
	at java.lang.StringBuilder.append(StringBuilder.java:131) ~[na:1.8.0_131]
	at com.jpa.hibernate.demo.entity.Course.toString(Course.java:105) ~[classes/:na]
	at java.lang.String.valueOf(String.java:2994) ~[na:1.8.0_131]
	at java.lang.StringBuilder.append(StringBuilder.java:131) ~[na:1.8.0_131]
	at com.jpa.hibernate.demo.entity.Rating.toString(Rating.java:55) ~[classes/:na]
	at java.lang.String.valueOf(String.java:2994) ~[na:1.8.0_131]
	at java.lang.StringBuilder.append(StringBuilder.java:131) ~[na:1.8.0_131]
	at java.util.AbstractCollection.toString(AbstractCollection.java:462) ~[na:1.8.0_131]
	at org.hibernate.collection.internal.PersistentBag.toString(PersistentBag.java:510) ~[hibernate-core-5.0.12.Final.jar:5.0.12.Final]
	at java.lang.String.valueOf(String.java:2994) ~[na:1.8.0_131]
	at java.lang.StringBuilder.append(StringBuilder.java:131) ~[na:1.8.0_131]
	at com.jpa.hibernate.demo.entity.Course.toString(Course.java:105) ~[classes/:na]
	at java.lang.String.valueOf(String.java:2994) ~[na:1.8.0_131]
	at java.lang.StringBuilder.append(StringBuilder.java:131) ~[na:1.8.0_131]
	at com.jpa.hibernate.demo.entity.Rating.toString(Rating.java:55) ~[classes/:na]
	at java.lang.String.valueOf(String.java:2994) ~[na:1.8.0_131]
	at java.lang.StringBuilder.append(StringBuilder.java:131) ~[na:1.8.0_131]
	at java.util.AbstractCollection.toString(AbstractCollection.java:462) ~[na:1.8.0_131]
	at org.hibernate.collection.internal.PersistentBag.toString(PersistentBag.java:510) ~[hibernate-core-5.0.12.Final.jar:5.0.12.Final]
	at java.lang.String.valueOf(String.java:2994) ~[na:1.8.0_131]
	at java.lang.StringBuilder.append(StringBuilder.java:131) ~[na:1.8.0_131]
	at com.jpa.hibernate.demo.entity.Course.toString(Course.java:105) ~[classes/:na]
	at java.lang.String.valueOf(String.java:2994) ~[na:1.8.0_131]
	at java.lang.StringBuilder.append(StringBuilder.java:131) ~[na:1.8.0_131]
	at com.jpa.hibernate.demo.entity.Rating.toString(Rating.java:55) ~[classes/:na]
	at java.lang.String.valueOf(String.java:2994) ~[na:1.8.0_131]
	at java.lang.StringBuilder.append(StringBuilder.java:131) ~[na:1.8.0_131]
	at java.util.AbstractCollection.toString(AbstractCollection.java:462) ~[na:1.8.0_131]
	at org.hibernate.collection.internal.PersistentBag.toString(PersistentBag.java:510) ~[hibernate-core-5.0.12.Final.jar:5.0.12.Final]
	at java.lang.String.valueOf(String.java:2994) ~[na:1.8.0_131]
	at java.lang.StringBuilder.append(StringBuilder.java:131) ~[na:1.8.0_131]
	at com.jpa.hibernate.demo.entity.Course.toString(Course.java:105) ~[classes/:na]
	at java.lang.String.valueOf(String.java:2994) ~[na:1.8.0_131]
	at java.lang.StringBuilder.append(StringBuilder.java:131) ~[na:1.8.0_131]
	at com.jpa.hibernate.demo.entity.Rating.toString(Rating.java:55) ~[classes/:na]
	at java.lang.String.valueOf(String.java:2994) ~[na:1.8.0_131]
	at java.lang.StringBuilder.append(StringBuilder.java:131) ~[na:1.8.0_131]
	at java.util.AbstractCollection.toString(AbstractCollection.java:462) ~[na:1.8.0_131]
	at org.hibernate.collection.internal.PersistentBag.toString(PersistentBag.java:510) ~[hibernate-core-5.0.12.Final.jar:5.0.12.Final]
	at java.lang.String.valueOf(String.java:2994) ~[na:1.8.0_131]
	at java.lang.StringBuilder.append(StringBuilder.java:131) ~[na:1.8.0_131]
	at com.jpa.hibernate.demo.entity.Course.toString(Course.java:105) ~[classes/:na]
	at java.lang.String.valueOf(String.java:2994) ~[na:1.8.0_131]
	at java.lang.StringBuilder.append(StringBuilder.java:131) ~[na:1.8.0_131]
	at com.jpa.hibernate.demo.entity.Rating.toString(Rating.java:55) ~[classes/:na]
	at java.lang.String.valueOf(String.java:2994) ~[na:1.8.0_131]
	at java.lang.StringBuilder.append(StringBuilder.java:131) ~[na:1.8.0_131]
	at java.util.AbstractCollection.toString(AbstractCollection.java:462) ~[na:1.8.0_131]
	at org.hibernate.collection.internal.PersistentBag.toString(PersistentBag.java:510) ~[hibernate-core-5.0.12.Final.jar:5.0.12.Final]
	at java.lang.String.valueOf(String.java:2994) ~[na:1.8.0_131]
	at java.lang.StringBuilder.append(StringBuilder.java:131) ~[na:1.8.0_131]
	at com.jpa.hibernate.demo.entity.Course.toString(Course.java:105) ~[classes/:na]
	at java.lang.String.valueOf(String.java:2994) ~[na:1.8.0_131]
	at java.lang.StringBuilder.append(StringBuilder.java:131) ~[na:1.8.0_131]
	at com.jpa.hibernate.demo.entity.Rating.toString(Rating.java:55) ~[classes/:na]
	at java.lang.String.valueOf(String.java:2994) ~[na:1.8.0_131]
	at java.lang.StringBuilder.append(StringBuilder.java:131) ~[na:1.8.0_131]
	at java.util.AbstractCollection.toString(AbstractCollection.java:462) ~[na:1.8.0_131]
	at org.hibernate.collection.internal.PersistentBag.toString(PersistentBag.java:510) ~[hibernate-core-5.0.12.Final.jar:5.0.12.Final]
	at java.lang.String.valueOf(String.java:2994) ~[na:1.8.0_131]
	at java.lang.StringBuilder.append(StringBuilder.java:131) ~[na:1.8.0_131]
	at com.jpa.hibernate.demo.entity.Course.toString(Course.java:105) ~[classes/:na]
	at java.lang.String.valueOf(String.java:2994) ~[na:1.8.0_131]
	at java.lang.StringBuilder.append(StringBuilder.java:131) ~[na:1.8.0_131]
	at com.jpa.hibernate.demo.entity.Rating.toString(Rating.java:55) ~[classes/:na]
	at java.lang.String.valueOf(String.java:2994) ~[na:1.8.0_131]
	at java.lang.StringBuilder.append(StringBuilder.java:131) ~[na:1.8.0_131]
	at java.util.AbstractCollection.toString(AbstractCollection.java:462) ~[na:1.8.0_131]
	at org.hibernate.collection.internal.PersistentBag.toString(PersistentBag.java:510) ~[hibernate-core-5.0.12.Final.jar:5.0.12.Final]
	at java.lang.String.valueOf(String.java:2994) ~[na:1.8.0_131]
	at java.lang.StringBuilder.append(StringBuilder.java:131) ~[na:1.8.0_131]
	at com.jpa.hibernate.demo.entity.Course.toString(Course.java:105) ~[classes/:na]
	at java.lang.String.valueOf(String.java:2994) ~[na:1.8.0_131]
	at java.lang.StringBuilder.append(StringBuilder.java:131) ~[na:1.8.0_131]
	at com.jpa.hibernate.demo.entity.Rating.toString(Rating.java:55) ~[classes/:na]
	at java.lang.String.valueOf(String.java:2994) ~[na:1.8.0_131]
	at java.lang.StringBuilder.append(StringBuilder.java:131) ~[na:1.8.0_131]
	at java.util.AbstractCollection.toString(AbstractCollection.java:462) ~[na:1.8.0_131]
	at org.hibernate.collection.internal.PersistentBag.toString(PersistentBag.java:510) ~[hibernate-core-5.0.12.Final.jar:5.0.12.Final]
	at java.lang.String.valueOf(String.java:2994) ~[na:1.8.0_131]
	at java.lang.StringBuilder.append(StringBuilder.java:131) ~[na:1.8.0_131]
	at com.jpa.hibernate.demo.entity.Course.toString(Course.java:105) ~[classes/:na]
	at java.lang.String.valueOf(String.java:2994) ~[na:1.8.0_131]
	at java.lang.StringBuilder.append(StringBuilder.java:131) ~[na:1.8.0_131]
	at com.jpa.hibernate.demo.entity.Rating.toString(Rating.java:55) ~[classes/:na]
	at java.lang.String.valueOf(String.java:2994) ~[na:1.8.0_131]
	at java.lang.StringBuilder.append(StringBuilder.java:131) ~[na:1.8.0_131]
	at java.util.AbstractCollection.toString(AbstractCollection.java:462) ~[na:1.8.0_131]
	at org.hibernate.collection.internal.PersistentBag.toString(PersistentBag.java:510) ~[hibernate-core-5.0.12.Final.jar:5.0.12.Final]
	at java.lang.String.valueOf(String.java:2994) ~[na:1.8.0_131]
	at java.lang.StringBuilder.append(StringBuilder.java:131) ~[na:1.8.0_131]
	at com.jpa.hibernate.demo.entity.Course.toString(Course.java:105) ~[classes/:na]
	at java.lang.String.valueOf(String.java:2994) ~[na:1.8.0_131]
	at java.lang.StringBuilder.append(StringBuilder.java:131) ~[na:1.8.0_131]
	at com.jpa.hibernate.demo.entity.Rating.toString(Rating.java:55) ~[classes/:na]
	at java.lang.String.valueOf(String.java:2994) ~[na:1.8.0_131]
	at java.lang.StringBuilder.append(StringBuilder.java:131) ~[na:1.8.0_131]
	at java.util.AbstractCollection.toString(AbstractCollection.java:462) ~[na:1.8.0_131]
	at org.hibernate.collection.internal.PersistentBag.toString(PersistentBag.java:510) ~[hibernate-core-5.0.12.Final.jar:5.0.12.Final]
	at java.lang.String.valueOf(String.java:2994) ~[na:1.8.0_131]
	at java.lang.StringBuilder.append(StringBuilder.java:131) ~[na:1.8.0_131]
	at com.jpa.hibernate.demo.entity.Course.toString(Course.java:105) ~[classes/:na]
	at java.lang.String.valueOf(String.java:2994) ~[na:1.8.0_131]
	at java.lang.StringBuilder.append(StringBuilder.java:131) ~[na:1.8.0_131]
	at com.jpa.hibernate.demo.entity.Rating.toString(Rating.java:55) ~[classes/:na]
	at java.lang.String.valueOf(String.java:2994) ~[na:1.8.0_131]
	at java.lang.StringBuilder.append(StringBuilder.java:131) ~[na:1.8.0_131]
	at java.util.AbstractCollection.toString(AbstractCollection.java:462) ~[na:1.8.0_131]
	at org.hibernate.collection.internal.PersistentBag.toString(PersistentBag.java:510) ~[hibernate-core-5.0.12.Final.jar:5.0.12.Final]
	at java.lang.String.valueOf(String.java:2994) ~[na:1.8.0_131]
	at java.lang.StringBuilder.append(StringBuilder.java:131) ~[na:1.8.0_131]
	at com.jpa.hibernate.demo.entity.Course.toString(Course.java:105) ~[classes/:na]
	at java.lang.String.valueOf(String.java:2994) ~[na:1.8.0_131]
	at java.lang.StringBuilder.append(StringBuilder.java:131) ~[na:1.8.0_131]
	at com.jpa.hibernate.demo.entity.Rating.toString(Rating.java:55) ~[classes/:na]
	at java.lang.String.valueOf(String.java:2994) ~[na:1.8.0_131]
	at java.lang.StringBuilder.append(StringBuilder.java:131) ~[na:1.8.0_131]
	at java.util.AbstractCollection.toString(AbstractCollection.java:462) ~[na:1.8.0_131]
	at org.hibernate.collection.internal.PersistentBag.toString(PersistentBag.java:510) ~[hibernate-core-5.0.12.Final.jar:5.0.12.Final]
	at java.lang.String.valueOf(String.java:2994) ~[na:1.8.0_131]
	at java.lang.StringBuilder.append(StringBuilder.java:131) ~[na:1.8.0_131]
	at com.jpa.hibernate.demo.entity.Course.toString(Course.java:105) ~[classes/:na]
	at java.lang.String.valueOf(String.java:2994) ~[na:1.8.0_131]
	at java.lang.StringBuilder.append(StringBuilder.java:131) ~[na:1.8.0_131]
	at com.jpa.hibernate.demo.entity.Rating.toString(Rating.java:55) ~[classes/:na]
	at java.lang.String.valueOf(String.java:2994) ~[na:1.8.0_131]
	at java.lang.StringBuilder.append(StringBuilder.java:131) ~[na:1.8.0_131]
	at java.util.AbstractCollection.toString(AbstractCollection.java:462) ~[na:1.8.0_131]
	at org.hibernate.collection.internal.PersistentBag.toString(PersistentBag.java:510) ~[hibernate-core-5.0.12.Final.jar:5.0.12.Final]
	at java.lang.String.valueOf(String.java:2994) ~[na:1.8.0_131]
	at java.lang.StringBuilder.append(StringBuilder.java:131) ~[na:1.8.0_131]
	at com.jpa.hibernate.demo.entity.Course.toString(Course.java:105) ~[classes/:na]
	at java.lang.String.valueOf(String.java:2994) ~[na:1.8.0_131]
	at java.lang.StringBuilder.append(StringBuilder.java:131) ~[na:1.8.0_131]
	at com.jpa.hibernate.demo.entity.Rating.toString(Rating.java:55) ~[classes/:na]
	at java.lang.String.valueOf(String.java:2994) ~[na:1.8.0_131]
	at java.lang.StringBuilder.append(StringBuilder.java:131) ~[na:1.8.0_131]
	at java.util.AbstractCollection.toString(AbstractCollection.java:462) ~[na:1.8.0_131]
	at org.hibernate.collection.internal.PersistentBag.toString(PersistentBag.java:510) ~[hibernate-core-5.0.12.Final.jar:5.0.12.Final]
	at java.lang.String.valueOf(String.java:2994) ~[na:1.8.0_131]
	at java.lang.StringBuilder.append(StringBuilder.java:131) ~[na:1.8.0_131]
	at com.jpa.hibernate.demo.entity.Course.toString(Course.java:105) ~[classes/:na]
	at java.lang.String.valueOf(String.java:2994) ~[na:1.8.0_131]
	at java.lang.StringBuilder.append(StringBuilder.java:131) ~[na:1.8.0_131]
	at com.jpa.hibernate.demo.entity.Rating.toString(Rating.java:55) ~[classes/:na]
	at java.lang.String.valueOf(String.java:2994) ~[na:1.8.0_131]
	at java.lang.StringBuilder.append(StringBuilder.java:131) ~[na:1.8.0_131]
	at java.util.AbstractCollection.toString(AbstractCollection.java:462) ~[na:1.8.0_131]
	at org.hibernate.collection.internal.PersistentBag.toString(PersistentBag.java:510) ~[hibernate-core-5.0.12.Final.jar:5.0.12.Final]
	at java.lang.String.valueOf(String.java:2994) ~[na:1.8.0_131]
	at java.lang.StringBuilder.append(StringBuilder.java:131) ~[na:1.8.0_131]
	at com.jpa.hibernate.demo.entity.Course.toString(Course.java:105) ~[classes/:na]
	at java.lang.String.valueOf(String.java:2994) ~[na:1.8.0_131]
	at java.lang.StringBuilder.append(StringBuilder.java:131) ~[na:1.8.0_131]
	at com.jpa.hibernate.demo.entity.Rating.toString(Rating.java:55) ~[classes/:na]
	at java.lang.String.valueOf(String.java:2994) ~[na:1.8.0_131]
	at java.lang.StringBuilder.append(StringBuilder.java:131) ~[na:1.8.0_131]
	at java.util.AbstractCollection.toString(AbstractCollection.java:462) ~[na:1.8.0_131]
	at org.hibernate.collection.internal.PersistentBag.toString(PersistentBag.java:510) ~[hibernate-core-5.0.12.Final.jar:5.0.12.Final]
	at java.lang.String.valueOf(String.java:2994) ~[na:1.8.0_131]
	at java.lang.StringBuilder.append(StringBuilder.java:131) ~[na:1.8.0_131]
	at com.jpa.hibernate.demo.entity.Course.toString(Course.java:105) ~[classes/:na]
	at java.lang.String.valueOf(String.java:2994) ~[na:1.8.0_131]
	at java.lang.StringBuilder.append(StringBuilder.java:131) ~[na:1.8.0_131]
	at com.jpa.hibernate.demo.entity.Rating.toString(Rating.java:55) ~[classes/:na]
	at java.lang.String.valueOf(String.java:2994) ~[na:1.8.0_131]
	at java.lang.StringBuilder.append(StringBuilder.java:131) ~[na:1.8.0_131]
	at java.util.AbstractCollection.toString(AbstractCollection.java:462) ~[na:1.8.0_131]
	at org.hibernate.collection.internal.PersistentBag.toString(PersistentBag.java:510) ~[hibernate-core-5.0.12.Final.jar:5.0.12.Final]
	at java.lang.String.valueOf(String.java:2994) ~[na:1.8.0_131]
	at java.lang.StringBuilder.append(StringBuilder.java:131) ~[na:1.8.0_131]
	at com.jpa.hibernate.demo.entity.Course.toString(Course.java:105) ~[classes/:na]
	at java.lang.String.valueOf(String.java:2994) ~[na:1.8.0_131]
	at java.lang.StringBuilder.append(StringBuilder.java:131) ~[na:1.8.0_131]
	at com.jpa.hibernate.demo.entity.Rating.toString(Rating.java:55) ~[classes/:na]
	at java.lang.String.valueOf(String.java:2994) ~[na:1.8.0_131]
	at java.lang.StringBuilder.append(StringBuilder.java:131) ~[na:1.8.0_131]
	at java.util.AbstractCollection.toString(AbstractCollection.java:462) ~[na:1.8.0_131]
	at org.hibernate.collection.internal.PersistentBag.toString(PersistentBag.java:510) ~[hibernate-core-5.0.12.Final.jar:5.0.12.Final]
	at java.lang.String.valueOf(String.java:2994) ~[na:1.8.0_131]
	at java.lang.StringBuilder.append(StringBuilder.java:131) ~[na:1.8.0_131]
	at com.jpa.hibernate.demo.entity.Course.toString(Course.java:105) ~[classes/:na]
	at java.lang.String.valueOf(String.java:2994) ~[na:1.8.0_131]
	at java.lang.StringBuilder.append(StringBuilder.java:131) ~[na:1.8.0_131]
	at com.jpa.hibernate.demo.entity.Rating.toString(Rating.java:55) ~[classes/:na]
	at java.lang.String.valueOf(String.java:2994) ~[na:1.8.0_131]
	at java.lang.StringBuilder.append(StringBuilder.java:131) ~[na:1.8.0_131]
	at java.util.AbstractCollection.toString(AbstractCollection.java:462) ~[na:1.8.0_131]
	at org.hibernate.collection.internal.PersistentBag.toString(PersistentBag.java:510) ~[hibernate-core-5.0.12.Final.jar:5.0.12.Final]
	at java.lang.String.valueOf(String.java:2994) ~[na:1.8.0_131]
	at java.lang.StringBuilder.append(StringBuilder.java:131) ~[na:1.8.0_131]
	at com.jpa.hibernate.demo.entity.Course.toString(Course.java:105) ~[classes/:na]
	at java.lang.String.valueOf(String.java:2994) ~[na:1.8.0_131]
	at java.lang.StringBuilder.append(StringBuilder.java:131) ~[na:1.8.0_131]
	at com.jpa.hibernate.demo.entity.Rating.toString(Rating.java:55) ~[classes/:na]
	at java.lang.String.valueOf(String.java:2994) ~[na:1.8.0_131]
	at java.lang.StringBuilder.append(StringBuilder.java:131) ~[na:1.8.0_131]
	at java.util.AbstractCollection.toString(AbstractCollection.java:462) ~[na:1.8.0_131]
	at org.hibernate.collection.internal.PersistentBag.toString(PersistentBag.java:510) ~[hibernate-core-5.0.12.Final.jar:5.0.12.Final]
	at java.lang.String.valueOf(String.java:2994) ~[na:1.8.0_131]
	at java.lang.StringBuilder.append(StringBuilder.java:131) ~[na:1.8.0_131]
	at com.jpa.hibernate.demo.entity.Course.toString(Course.java:105) ~[classes/:na]
	at java.lang.String.valueOf(String.java:2994) ~[na:1.8.0_131]
	at java.lang.StringBuilder.append(StringBuilder.java:131) ~[na:1.8.0_131]
	at com.jpa.hibernate.demo.entity.Rating.toString(Rating.java:55) ~[classes/:na]
	at java.lang.String.valueOf(String.java:2994) ~[na:1.8.0_131]
	at java.lang.StringBuilder.append(StringBuilder.java:131) ~[na:1.8.0_131]
	at java.util.AbstractCollection.toString(AbstractCollection.java:462) ~[na:1.8.0_131]
	at org.hibernate.collection.internal.PersistentBag.toString(PersistentBag.java:510) ~[hibernate-core-5.0.12.Final.jar:5.0.12.Final]
	at java.lang.String.valueOf(String.java:2994) ~[na:1.8.0_131]
	at java.lang.StringBuilder.append(StringBuilder.java:131) ~[na:1.8.0_131]
	at com.jpa.hibernate.demo.entity.Course.toString(Course.java:105) ~[classes/:na]
	at java.lang.String.valueOf(String.java:2994) ~[na:1.8.0_131]
	at java.lang.StringBuilder.append(StringBuilder.java:131) ~[na:1.8.0_131]
	at com.jpa.hibernate.demo.entity.Rating.toString(Rating.java:55) ~[classes/:na]
	at java.lang.String.valueOf(String.java:2994) ~[na:1.8.0_131]
	at java.lang.StringBuilder.append(StringBuilder.java:131) ~[na:1.8.0_131]
	at java.util.AbstractCollection.toString(AbstractCollection.java:462) ~[na:1.8.0_131]
	at org.hibernate.collection.internal.PersistentBag.toString(PersistentBag.java:510) ~[hibernate-core-5.0.12.Final.jar:5.0.12.Final]
	at java.lang.String.valueOf(String.java:2994) ~[na:1.8.0_131]
	at java.lang.StringBuilder.append(StringBuilder.java:131) ~[na:1.8.0_131]
	at com.jpa.hibernate.demo.entity.Course.toString(Course.java:105) ~[classes/:na]
	at java.lang.String.valueOf(String.java:2994) ~[na:1.8.0_131]
	at java.lang.StringBuilder.append(StringBuilder.java:131) ~[na:1.8.0_131]
	at com.jpa.hibernate.demo.entity.Rating.toString(Rating.java:55) ~[classes/:na]
	at java.lang.String.valueOf(String.java:2994) ~[na:1.8.0_131]
	at java.lang.StringBuilder.append(StringBuilder.java:131) ~[na:1.8.0_131]
	at java.util.AbstractCollection.toString(AbstractCollection.java:462) ~[na:1.8.0_131]
	at org.hibernate.collection.internal.PersistentBag.toString(PersistentBag.java:510) ~[hibernate-core-5.0.12.Final.jar:5.0.12.Final]
	at java.lang.String.valueOf(String.java:2994) ~[na:1.8.0_131]
	at java.lang.StringBuilder.append(StringBuilder.java:131) ~[na:1.8.0_131]
	at com.jpa.hibernate.demo.entity.Course.toString(Course.java:105) ~[classes/:na]
	at java.lang.String.valueOf(String.java:2994) ~[na:1.8.0_131]
	at java.lang.StringBuilder.append(StringBuilder.java:131) ~[na:1.8.0_131]
	at com.jpa.hibernate.demo.entity.Rating.toString(Rating.java:55) ~[classes/:na]
	at java.lang.String.valueOf(String.java:2994) ~[na:1.8.0_131]
	at java.lang.StringBuilder.append(StringBuilder.java:131) ~[na:1.8.0_131]
	at java.util.AbstractCollection.toString(AbstractCollection.java:462) ~[na:1.8.0_131]
	at org.hibernate.collection.internal.PersistentBag.toString(PersistentBag.java:510) ~[hibernate-core-5.0.12.Final.jar:5.0.12.Final]
	at java.lang.String.valueOf(String.java:2994) ~[na:1.8.0_131]
	at java.lang.StringBuilder.append(StringBuilder.java:131) ~[na:1.8.0_131]
	at com.jpa.hibernate.demo.entity.Course.toString(Course.java:105) ~[classes/:na]
	at java.lang.String.valueOf(String.java:2994) ~[na:1.8.0_131]
	at java.lang.StringBuilder.append(StringBuilder.java:131) ~[na:1.8.0_131]
	at com.jpa.hibernate.demo.entity.Rating.toString(Rating.java:55) ~[classes/:na]
	at java.lang.String.valueOf(String.java:2994) ~[na:1.8.0_131]
	at java.lang.StringBuilder.append(StringBuilder.java:131) ~[na:1.8.0_131]
	at java.util.AbstractCollection.toString(AbstractCollection.java:462) ~[na:1.8.0_131]
	at org.hibernate.collection.internal.PersistentBag.toString(PersistentBag.java:510) ~[hibernate-core-5.0.12.Final.jar:5.0.12.Final]
	at java.lang.String.valueOf(String.java:2994) ~[na:1.8.0_131]
	at java.lang.StringBuilder.append(StringBuilder.java:131) ~[na:1.8.0_131]
	at com.jpa.hibernate.demo.entity.Course.toString(Course.java:105) ~[classes/:na]
	at java.lang.String.valueOf(String.java:2994) ~[na:1.8.0_131]
	at java.lang.StringBuilder.append(StringBuilder.java:131) ~[na:1.8.0_131]
	at com.jpa.hibernate.demo.entity.Rating.toString(Rating.java:55) ~[classes/:na]
	at java.lang.String.valueOf(String.java:2994) ~[na:1.8.0_131]
	at java.lang.StringBuilder.append(StringBuilder.java:131) ~[na:1.8.0_131]
	at java.util.AbstractCollection.toString(AbstractCollection.java:462) ~[na:1.8.0_131]
	at org.hibernate.collection.internal.PersistentBag.toString(PersistentBag.java:510) ~[hibernate-core-5.0.12.Final.jar:5.0.12.Final]
	at java.lang.String.valueOf(String.java:2994) ~[na:1.8.0_131]
	at java.lang.StringBuilder.append(StringBuilder.java:131) ~[na:1.8.0_131]
	at com.jpa.hibernate.demo.entity.Course.toString(Course.java:105) ~[classes/:na]
	at java.lang.String.valueOf(String.java:2994) ~[na:1.8.0_131]
	at java.lang.StringBuilder.append(StringBuilder.java:131) ~[na:1.8.0_131]
	at com.jpa.hibernate.demo.entity.Rating.toString(Rating.java:55) ~[classes/:na]
	at java.lang.String.valueOf(String.java:2994) ~[na:1.8.0_131]
	at java.lang.StringBuilder.append(StringBuilder.java:131) ~[na:1.8.0_131]
	at java.util.AbstractCollection.toString(AbstractCollection.java:462) ~[na:1.8.0_131]
	at org.hibernate.collection.internal.PersistentBag.toString(PersistentBag.java:510) ~[hibernate-core-5.0.12.Final.jar:5.0.12.Final]
	at java.lang.String.valueOf(String.java:2994) ~[na:1.8.0_131]
	at java.lang.StringBuilder.append(StringBuilder.java:131) ~[na:1.8.0_131]
	at com.jpa.hibernate.demo.entity.Course.toString(Course.java:105) ~[classes/:na]
	at java.lang.String.valueOf(String.java:2994) ~[na:1.8.0_131]
	at java.lang.StringBuilder.append(StringBuilder.java:131) ~[na:1.8.0_131]
	at com.jpa.hibernate.demo.entity.Rating.toString(Rating.java:55) ~[classes/:na]
	at java.lang.String.valueOf(String.java:2994) ~[na:1.8.0_131]
	at java.lang.StringBuilder.append(StringBuilder.java:131) ~[na:1.8.0_131]
	at java.util.AbstractCollection.toString(AbstractCollection.java:462) ~[na:1.8.0_131]
	at org.hibernate.collection.internal.PersistentBag.toString(PersistentBag.java:510) ~[hibernate-core-5.0.12.Final.jar:5.0.12.Final]
	at java.lang.String.valueOf(String.java:2994) ~[na:1.8.0_131]
	at java.lang.StringBuilder.append(StringBuilder.java:131) ~[na:1.8.0_131]
	at com.jpa.hibernate.demo.entity.Course.toString(Course.java:105) ~[classes/:na]
	at java.lang.String.valueOf(String.java:2994) ~[na:1.8.0_131]
	at java.lang.StringBuilder.append(StringBuilder.java:131) ~[na:1.8.0_131]
	at com.jpa.hibernate.demo.entity.Rating.toString(Rating.java:55) ~[classes/:na]
	at java.lang.String.valueOf(String.java:2994) ~[na:1.8.0_131]
	at java.lang.StringBuilder.append(StringBuilder.java:131) ~[na:1.8.0_131]
	at java.util.AbstractCollection.toString(AbstractCollection.java:462) ~[na:1.8.0_131]
	at org.hibernate.collection.internal.PersistentBag.toString(PersistentBag.java:510) ~[hibernate-core-5.0.12.Final.jar:5.0.12.Final]
	at java.lang.String.valueOf(String.java:2994) ~[na:1.8.0_131]
	at java.lang.StringBuilder.append(StringBuilder.java:131) ~[na:1.8.0_131]
	at com.jpa.hibernate.demo.entity.Course.toString(Course.java:105) ~[classes/:na]
	at java.lang.String.valueOf(String.java:2994) ~[na:1.8.0_131]
	at java.lang.StringBuilder.append(StringBuilder.java:131) ~[na:1.8.0_131]
	at com.jpa.hibernate.demo.entity.Rating.toString(Rating.java:55) ~[classes/:na]
	at java.lang.String.valueOf(String.java:2994) ~[na:1.8.0_131]
	at java.lang.StringBuilder.append(StringBuilder.java:131) ~[na:1.8.0_131]
	at java.util.AbstractCollection.toString(AbstractCollection.java:462) ~[na:1.8.0_131]
	at org.hibernate.collection.internal.PersistentBag.toString(PersistentBag.java:510) ~[hibernate-core-5.0.12.Final.jar:5.0.12.Final]
	at java.lang.String.valueOf(String.java:2994) ~[na:1.8.0_131]
	at java.lang.StringBuilder.append(StringBuilder.java:131) ~[na:1.8.0_131]
	at com.jpa.hibernate.demo.entity.Course.toString(Course.java:105) ~[classes/:na]
	at java.lang.String.valueOf(String.java:2994) ~[na:1.8.0_131]
	at java.lang.StringBuilder.append(StringBuilder.java:131) ~[na:1.8.0_131]
	at com.jpa.hibernate.demo.entity.Rating.toString(Rating.java:55) ~[classes/:na]
	at java.lang.String.valueOf(String.java:2994) ~[na:1.8.0_131]
	at java.lang.StringBuilder.append(StringBuilder.java:131) ~[na:1.8.0_131]
	at java.util.AbstractCollection.toString(AbstractCollection.java:462) ~[na:1.8.0_131]
	at org.hibernate.collection.internal.PersistentBag.toString(PersistentBag.java:510) ~[hibernate-core-5.0.12.Final.jar:5.0.12.Final]
	at java.lang.String.valueOf(String.java:2994) ~[na:1.8.0_131]
	at java.lang.StringBuilder.append(StringBuilder.java:131) ~[na:1.8.0_131]
	at com.jpa.hibernate.demo.entity.Course.toString(Course.java:105) ~[classes/:na]
	at java.lang.String.valueOf(String.java:2994) ~[na:1.8.0_131]
	at java.lang.StringBuilder.append(StringBuilder.java:131) ~[na:1.8.0_131]
	at com.jpa.hibernate.demo.entity.Rating.toString(Rating.java:55) ~[classes/:na]
	at java.lang.String.valueOf(String.java:2994) ~[na:1.8.0_131]
	at java.lang.StringBuilder.append(StringBuilder.java:131) ~[na:1.8.0_131]
	at java.util.AbstractCollection.toString(AbstractCollection.java:462) ~[na:1.8.0_131]
	at org.hibernate.collection.internal.PersistentBag.toString(PersistentBag.java:510) ~[hibernate-core-5.0.12.Final.jar:5.0.12.Final]
	at java.lang.String.valueOf(String.java:2994) ~[na:1.8.0_131]
	at java.lang.StringBuilder.append(StringBuilder.java:131) ~[na:1.8.0_131]
	at com.jpa.hibernate.demo.entity.Course.toString(Course.java:105) ~[classes/:na]
	at java.lang.String.valueOf(String.java:2994) ~[na:1.8.0_131]
	at java.lang.StringBuilder.append(StringBuilder.java:131) ~[na:1.8.0_131]
	at com.jpa.hibernate.demo.entity.Rating.toString(Rating.java:55) ~[classes/:na]
	at java.lang.String.valueOf(String.java:2994) ~[na:1.8.0_131]
	at java.lang.StringBuilder.append(StringBuilder.java:131) ~[na:1.8.0_131]
	at java.util.AbstractCollection.toString(AbstractCollection.java:462) ~[na:1.8.0_131]
	at org.hibernate.collection.internal.PersistentBag.toString(PersistentBag.java:510) ~[hibernate-core-5.0.12.Final.jar:5.0.12.Final]
	at java.lang.String.valueOf(String.java:2994) ~[na:1.8.0_131]
	at java.lang.StringBuilder.append(StringBuilder.java:131) ~[na:1.8.0_131]
	at com.jpa.hibernate.demo.entity.Course.toString(Course.java:105) ~[classes/:na]
	at java.lang.String.valueOf(String.java:2994) ~[na:1.8.0_131]
	at java.lang.StringBuilder.append(StringBuilder.java:131) ~[na:1.8.0_131]
	at com.jpa.hibernate.demo.entity.Rating.toString(Rating.java:55) ~[classes/:na]
	at java.lang.String.valueOf(String.java:2994) ~[na:1.8.0_131]
	at java.lang.StringBuilder.append(StringBuilder.java:131) ~[na:1.8.0_131]
	at java.util.AbstractCollection.toString(AbstractCollection.java:462) ~[na:1.8.0_131]
	at org.hibernate.collection.internal.PersistentBag.toString(PersistentBag.java:510) ~[hibernate-core-5.0.12.Final.jar:5.0.12.Final]
	at java.lang.String.valueOf(String.java:2994) ~[na:1.8.0_131]
	at java.lang.StringBuilder.append(StringBuilder.java:131) ~[na:1.8.0_131]
	at com.jpa.hibernate.demo.entity.Course.toString(Course.java:105) ~[classes/:na]
	at java.lang.String.valueOf(String.java:2994) ~[na:1.8.0_131]
	at java.lang.StringBuilder.append(StringBuilder.java:131) ~[na:1.8.0_131]
	at com.jpa.hibernate.demo.entity.Rating.toString(Rating.java:55) ~[classes/:na]
	at java.lang.String.valueOf(String.java:2994) ~[na:1.8.0_131]
	at java.lang.StringBuilder.append(StringBuilder.java:131) ~[na:1.8.0_131]
	at java.util.AbstractCollection.toString(AbstractCollection.java:462) ~[na:1.8.0_131]
	at org.hibernate.collection.internal.PersistentBag.toString(PersistentBag.java:510) ~[hibernate-core-5.0.12.Final.jar:5.0.12.Final]
	at java.lang.String.valueOf(String.java:2994) ~[na:1.8.0_131]
	at java.lang.StringBuilder.append(StringBuilder.java:131) ~[na:1.8.0_131]
	at com.jpa.hibernate.demo.entity.Course.toString(Course.java:105) ~[classes/:na]
	at java.lang.String.valueOf(String.java:2994) ~[na:1.8.0_131]
	at java.lang.StringBuilder.append(StringBuilder.java:131) ~[na:1.8.0_131]
	at com.jpa.hibernate.demo.entity.Rating.toString(Rating.java:55) ~[classes/:na]
	at java.lang.String.valueOf(String.java:2994) ~[na:1.8.0_131]
	at java.lang.StringBuilder.append(StringBuilder.java:131) ~[na:1.8.0_131]
	at java.util.AbstractCollection.toString(AbstractCollection.java:462) ~[na:1.8.0_131]
	at org.hibernate.collection.internal.PersistentBag.toString(PersistentBag.java:510) ~[hibernate-core-5.0.12.Final.jar:5.0.12.Final]
	at java.lang.String.valueOf(String.java:2994) ~[na:1.8.0_131]
	at java.lang.StringBuilder.append(StringBuilder.java:131) ~[na:1.8.0_131]
	at com.jpa.hibernate.demo.entity.Course.toString(Course.java:105) ~[classes/:na]
	at java.lang.String.valueOf(String.java:2994) ~[na:1.8.0_131]
	at java.lang.StringBuilder.append(StringBuilder.java:131) ~[na:1.8.0_131]
	at com.jpa.hibernate.demo.entity.Rating.toString(Rating.java:55) ~[classes/:na]
	at java.lang.String.valueOf(String.java:2994) ~[na:1.8.0_131]
	at java.lang.StringBuilder.append(StringBuilder.java:131) ~[na:1.8.0_131]
	at java.util.AbstractCollection.toString(AbstractCollection.java:462) ~[na:1.8.0_131]
	at org.hibernate.collection.internal.PersistentBag.toString(PersistentBag.java:510) ~[hibernate-core-5.0.12.Final.jar:5.0.12.Final]
	at java.lang.String.valueOf(String.java:2994) ~[na:1.8.0_131]
	at java.lang.StringBuilder.append(StringBuilder.java:131) ~[na:1.8.0_131]
	at com.jpa.hibernate.demo.entity.Course.toString(Course.java:105) ~[classes/:na]
	at java.lang.String.valueOf(String.java:2994) ~[na:1.8.0_131]
	at java.lang.StringBuilder.append(StringBuilder.java:131) ~[na:1.8.0_131]
	at com.jpa.hibernate.demo.entity.Rating.toString(Rating.java:55) ~[classes/:na]
	at java.lang.String.valueOf(String.java:2994) ~[na:1.8.0_131]
	at java.lang.StringBuilder.append(StringBuilder.java:131) ~[na:1.8.0_131]
	at java.util.AbstractCollection.toString(AbstractCollection.java:462) ~[na:1.8.0_131]
	at org.hibernate.collection.internal.PersistentBag.toString(PersistentBag.java:510) ~[hibernate-core-5.0.12.Final.jar:5.0.12.Final]
	at java.lang.String.valueOf(String.java:2994) ~[na:1.8.0_131]
	at java.lang.StringBuilder.append(StringBuilder.java:131) ~[na:1.8.0_131]
	at com.jpa.hibernate.demo.entity.Course.toString(Course.java:105) ~[classes/:na]
	at java.lang.String.valueOf(String.java:2994) ~[na:1.8.0_131]
	at java.lang.StringBuilder.append(StringBuilder.java:131) ~[na:1.8.0_131]
	at com.jpa.hibernate.demo.entity.Rating.toString(Rating.java:55) ~[classes/:na]
	at java.lang.String.valueOf(String.java:2994) ~[na:1.8.0_131]
	at java.lang.StringBuilder.append(StringBuilder.java:131) ~[na:1.8.0_131]
	at java.util.AbstractCollection.toString(AbstractCollection.java:462) ~[na:1.8.0_131]
	at org.hibernate.collection.internal.PersistentBag.toString(PersistentBag.java:510) ~[hibernate-core-5.0.12.Final.jar:5.0.12.Final]
	at java.lang.String.valueOf(String.java:2994) ~[na:1.8.0_131]
	at java.lang.StringBuilder.append(StringBuilder.java:131) ~[na:1.8.0_131]
	at com.jpa.hibernate.demo.entity.Course.toString(Course.java:105) ~[classes/:na]
	at java.lang.String.valueOf(String.java:2994) ~[na:1.8.0_131]
	at java.lang.StringBuilder.append(StringBuilder.java:131) ~[na:1.8.0_131]
	at com.jpa.hibernate.demo.entity.Rating.toString(Rating.java:55) ~[classes/:na]
	at java.lang.String.valueOf(String.java:2994) ~[na:1.8.0_131]
	at java.lang.StringBuilder.append(StringBuilder.java:131) ~[na:1.8.0_131]
	at java.util.AbstractCollection.toString(AbstractCollection.java:462) ~[na:1.8.0_131]
	at org.hibernate.collection.internal.PersistentBag.toString(PersistentBag.java:510) ~[hibernate-core-5.0.12.Final.jar:5.0.12.Final]
	at java.lang.String.valueOf(String.java:2994) ~[na:1.8.0_131]
	at java.lang.StringBuilder.append(StringBuilder.java:131) ~[na:1.8.0_131]
	at com.jpa.hibernate.demo.entity.Course.toString(Course.java:105) ~[classes/:na]
	at java.lang.String.valueOf(String.java:2994) ~[na:1.8.0_131]
	at java.lang.StringBuilder.append(StringBuilder.java:131) ~[na:1.8.0_131]
	at com.jpa.hibernate.demo.entity.Rating.toString(Rating.java:55) ~[classes/:na]
	at java.lang.String.valueOf(String.java:2994) ~[na:1.8.0_131]
	at java.lang.StringBuilder.append(StringBuilder.java:131) ~[na:1.8.0_131]
	at java.util.AbstractCollection.toString(AbstractCollection.java:462) ~[na:1.8.0_131]
	at org.hibernate.collection.internal.PersistentBag.toString(PersistentBag.java:510) ~[hibernate-core-5.0.12.Final.jar:5.0.12.Final]
	at java.lang.String.valueOf(String.java:2994) ~[na:1.8.0_131]
	at java.lang.StringBuilder.append(StringBuilder.java:131) ~[na:1.8.0_131]
	at com.jpa.hibernate.demo.entity.Course.toString(Course.java:105) ~[classes/:na]
	at java.lang.String.valueOf(String.java:2994) ~[na:1.8.0_131]
	at java.lang.StringBuilder.append(StringBuilder.java:131) ~[na:1.8.0_131]
	at com.jpa.hibernate.demo.entity.Rating.toString(Rating.java:55) ~[classes/:na]
	at java.lang.String.valueOf(String.java:2994) ~[na:1.8.0_131]
	at java.lang.StringBuilder.append(StringBuilder.java:131) ~[na:1.8.0_131]
	at java.util.AbstractCollection.toString(AbstractCollection.java:462) ~[na:1.8.0_131]
	at org.hibernate.collection.internal.PersistentBag.toString(PersistentBag.java:510) ~[hibernate-core-5.0.12.Final.jar:5.0.12.Final]
	at java.lang.String.valueOf(String.java:2994) ~[na:1.8.0_131]
	at java.lang.StringBuilder.append(StringBuilder.java:131) ~[na:1.8.0_131]
	at com.jpa.hibernate.demo.entity.Course.toString(Course.java:105) ~[classes/:na]
	at java.lang.String.valueOf(String.java:2994) ~[na:1.8.0_131]
	at java.lang.StringBuilder.append(StringBuilder.java:131) ~[na:1.8.0_131]
	at com.jpa.hibernate.demo.entity.Rating.toString(Rating.java:55) ~[classes/:na]
	at java.lang.String.valueOf(String.java:2994) ~[na:1.8.0_131]
	at java.lang.StringBuilder.append(StringBuilder.java:131) ~[na:1.8.0_131]
	at java.util.AbstractCollection.toString(AbstractCollection.java:462) ~[na:1.8.0_131]
	at org.hibernate.collection.internal.PersistentBag.toString(PersistentBag.java:510) ~[hibernate-core-5.0.12.Final.jar:5.0.12.Final]
	at java.lang.String.valueOf(String.java:2994) ~[na:1.8.0_131]
	at java.lang.StringBuilder.append(StringBuilder.java:131) ~[na:1.8.0_131]
	at com.jpa.hibernate.demo.entity.Course.toString(Course.java:105) ~[classes/:na]
	at java.lang.String.valueOf(String.java:2994) ~[na:1.8.0_131]
	at java.lang.StringBuilder.append(StringBuilder.java:131) ~[na:1.8.0_131]
	at com.jpa.hibernate.demo.entity.Rating.toString(Rating.java:55) ~[classes/:na]
	at java.lang.String.valueOf(String.java:2994) ~[na:1.8.0_131]
	at java.lang.StringBuilder.append(StringBuilder.java:131) ~[na:1.8.0_131]
	at java.util.AbstractCollection.toString(AbstractCollection.java:462) ~[na:1.8.0_131]
	at org.hibernate.collection.internal.PersistentBag.toString(PersistentBag.java:510) ~[hibernate-core-5.0.12.Final.jar:5.0.12.Final]
	at java.lang.String.valueOf(String.java:2994) ~[na:1.8.0_131]
	at java.lang.StringBuilder.append(StringBuilder.java:131) ~[na:1.8.0_131]
	at com.jpa.hibernate.demo.entity.Course.toString(Course.java:105) ~[classes/:na]
	at java.lang.String.valueOf(String.java:2994) ~[na:1.8.0_131]
	at java.lang.StringBuilder.append(StringBuilder.java:131) ~[na:1.8.0_131]
	at com.jpa.hibernate.demo.entity.Rating.toString(Rating.java:55) ~[classes/:na]
	at java.lang.String.valueOf(String.java:2994) ~[na:1.8.0_131]
	at java.lang.StringBuilder.append(StringBuilder.java:131) ~[na:1.8.0_131]
	at java.util.AbstractCollection.toString(AbstractCollection.java:462) ~[na:1.8.0_131]
	at org.hibernate.collection.internal.PersistentBag.toString(PersistentBag.java:510) ~[hibernate-core-5.0.12.Final.jar:5.0.12.Final]
	at java.lang.String.valueOf(String.java:2994) ~[na:1.8.0_131]
	at java.lang.StringBuilder.append(StringBuilder.java:131) ~[na:1.8.0_131]
	at com.jpa.hibernate.demo.entity.Course.toString(Course.java:105) ~[classes/:na]
	at java.lang.String.valueOf(String.java:2994) ~[na:1.8.0_131]
	at java.lang.StringBuilder.append(StringBuilder.java:131) ~[na:1.8.0_131]
	at com.jpa.hibernate.demo.entity.Rating.toString(Rating.java:55) ~[classes/:na]
	at java.lang.String.valueOf(String.java:2994) ~[na:1.8.0_131]
	at java.lang.StringBuilder.append(StringBuilder.java:131) ~[na:1.8.0_131]
	at java.util.AbstractCollection.toString(AbstractCollection.java:462) ~[na:1.8.0_131]
	at org.hibernate.collection.internal.PersistentBag.toString(PersistentBag.java:510) ~[hibernate-core-5.0.12.Final.jar:5.0.12.Final]
	at java.lang.String.valueOf(String.java:2994) ~[na:1.8.0_131]
	at java.lang.StringBuilder.append(StringBuilder.java:131) ~[na:1.8.0_131]
	at com.jpa.hibernate.demo.entity.Course.toString(Course.java:105) ~[classes/:na]
	at java.lang.String.valueOf(String.java:2994) ~[na:1.8.0_131]
	at java.lang.StringBuilder.append(StringBuilder.java:131) ~[na:1.8.0_131]
	at com.jpa.hibernate.demo.entity.Rating.toString(Rating.java:55) ~[classes/:na]
	at java.lang.String.valueOf(String.java:2994) ~[na:1.8.0_131]
	at java.lang.StringBuilder.append(StringBuilder.java:131) ~[na:1.8.0_131]
	at java.util.AbstractCollection.toString(AbstractCollection.java:462) ~[na:1.8.0_131]
	at org.hibernate.collection.internal.PersistentBag.toString(PersistentBag.java:510) ~[hibernate-core-5.0.12.Final.jar:5.0.12.Final]
	at java.lang.String.valueOf(String.java:2994) ~[na:1.8.0_131]
	at java.lang.StringBuilder.append(StringBuilder.java:131) ~[na:1.8.0_131]
	at com.jpa.hibernate.demo.entity.Course.toString(Course.java:105) ~[classes/:na]
	at java.lang.String.valueOf(String.java:2994) ~[na:1.8.0_131]
	at java.lang.StringBuilder.append(StringBuilder.java:131) ~[na:1.8.0_131]
	at com.jpa.hibernate.demo.entity.Rating.toString(Rating.java:55) ~[classes/:na]
	at java.lang.String.valueOf(String.java:2994) ~[na:1.8.0_131]
	at java.lang.StringBuilder.append(StringBuilder.java:131) ~[na:1.8.0_131]
	at java.util.AbstractCollection.toString(AbstractCollection.java:462) ~[na:1.8.0_131]
	at org.hibernate.collection.internal.PersistentBag.toString(PersistentBag.java:510) ~[hibernate-core-5.0.12.Final.jar:5.0.12.Final]
	at java.lang.String.valueOf(String.java:2994) ~[na:1.8.0_131]
	at java.lang.StringBuilder.append(StringBuilder.java:131) ~[na:1.8.0_131]
	at com.jpa.hibernate.demo.entity.Course.toString(Course.java:105) ~[classes/:na]
	at java.lang.String.valueOf(String.java:2994) ~[na:1.8.0_131]
	at java.lang.StringBuilder.append(StringBuilder.java:131) ~[na:1.8.0_131]
	at com.jpa.hibernate.demo.entity.Rating.toString(Rating.java:55) ~[classes/:na]
	at java.lang.String.valueOf(String.java:2994) ~[na:1.8.0_131]
	at java.lang.StringBuilder.append(StringBuilder.java:131) ~[na:1.8.0_131]
	at java.util.AbstractCollection.toString(AbstractCollection.java:462) ~[na:1.8.0_131]
	at org.hibernate.collection.internal.PersistentBag.toString(PersistentBag.java:510) ~[hibernate-core-5.0.12.Final.jar:5.0.12.Final]
	at java.lang.String.valueOf(String.java:2994) ~[na:1.8.0_131]
	at java.lang.StringBuilder.append(StringBuilder.java:131) ~[na:1.8.0_131]
	at com.jpa.hibernate.demo.entity.Course.toString(Course.java:105) ~[classes/:na]
	at java.lang.String.valueOf(String.java:2994) ~[na:1.8.0_131]
	at java.lang.StringBuilder.append(StringBuilder.java:131) ~[na:1.8.0_131]
	at com.jpa.hibernate.demo.entity.Rating.toString(Rating.java:55) ~[classes/:na]
	at java.lang.String.valueOf(String.java:2994) ~[na:1.8.0_131]
	at java.lang.StringBuilder.append(StringBuilder.java:131) ~[na:1.8.0_131]
	at java.util.AbstractCollection.toString(AbstractCollection.java:462) ~[na:1.8.0_131]
	at org.hibernate.collection.internal.PersistentBag.toString(PersistentBag.java:510) ~[hibernate-core-5.0.12.Final.jar:5.0.12.Final]
	at java.lang.String.valueOf(String.java:2994) ~[na:1.8.0_131]
	at java.lang.StringBuilder.append(StringBuilder.java:131) ~[na:1.8.0_131]
	at com.jpa.hibernate.demo.entity.Course.toString(Course.java:105) ~[classes/:na]
	at java.lang.String.valueOf(String.java:2994) ~[na:1.8.0_131]
	at java.lang.StringBuilder.append(StringBuilder.java:131) ~[na:1.8.0_131]
	at com.jpa.hibernate.demo.entity.Rating.toString(Rating.java:55) ~[classes/:na]
	at java.lang.String.valueOf(String.java:2994) ~[na:1.8.0_131]
	at java.lang.StringBuilder.append(StringBuilder.java:131) ~[na:1.8.0_131]
	at java.util.AbstractCollection.toString(AbstractCollection.java:462) ~[na:1.8.0_131]
	at org.hibernate.collection.internal.PersistentBag.toString(PersistentBag.java:510) ~[hibernate-core-5.0.12.Final.jar:5.0.12.Final]
	at java.lang.String.valueOf(String.java:2994) ~[na:1.8.0_131]
	at java.lang.StringBuilder.append(StringBuilder.java:131) ~[na:1.8.0_131]
	at com.jpa.hibernate.demo.entity.Course.toString(Course.java:105) ~[classes/:na]
	at java.lang.String.valueOf(String.java:2994) ~[na:1.8.0_131]
	at java.lang.StringBuilder.append(StringBuilder.java:131) ~[na:1.8.0_131]
	at com.jpa.hibernate.demo.entity.Rating.toString(Rating.java:55) ~[classes/:na]
	at java.lang.String.valueOf(String.java:2994) ~[na:1.8.0_131]
	at java.lang.StringBuilder.append(StringBuilder.java:131) ~[na:1.8.0_131]
	at java.util.AbstractCollection.toString(AbstractCollection.java:462) ~[na:1.8.0_131]
	at org.hibernate.collection.internal.PersistentBag.toString(PersistentBag.java:510) ~[hibernate-core-5.0.12.Final.jar:5.0.12.Final]
	at java.lang.String.valueOf(String.java:2994) ~[na:1.8.0_131]
	at java.lang.StringBuilder.append(StringBuilder.java:131) ~[na:1.8.0_131]
	at com.jpa.hibernate.demo.entity.Course.toString(Course.java:105) ~[classes/:na]
	at java.lang.String.valueOf(String.java:2994) ~[na:1.8.0_131]
	at java.lang.StringBuilder.append(StringBuilder.java:131) ~[na:1.8.0_131]
	at com.jpa.hibernate.demo.entity.Rating.toString(Rating.java:55) ~[classes/:na]
	at java.lang.String.valueOf(String.java:2994) ~[na:1.8.0_131]
	at java.lang.StringBuilder.append(StringBuilder.java:131) ~[na:1.8.0_131]
	at java.util.AbstractCollection.toString(AbstractCollection.java:462) ~[na:1.8.0_131]
	at org.hibernate.collection.internal.PersistentBag.toString(PersistentBag.java:510) ~[hibernate-core-5.0.12.Final.jar:5.0.12.Final]
	at java.lang.String.valueOf(String.java:2994) ~[na:1.8.0_131]
	at java.lang.StringBuilder.append(StringBuilder.java:131) ~[na:1.8.0_131]
	at com.jpa.hibernate.demo.entity.Course.toString(Course.java:105) ~[classes/:na]
	at java.lang.String.valueOf(String.java:2994) ~[na:1.8.0_131]
	at java.lang.StringBuilder.append(StringBuilder.java:131) ~[na:1.8.0_131]
	at com.jpa.hibernate.demo.entity.Rating.toString(Rating.java:55) ~[classes/:na]
	at java.lang.String.valueOf(String.java:2994) ~[na:1.8.0_131]
	at java.lang.StringBuilder.append(StringBuilder.java:131) ~[na:1.8.0_131]
	at java.util.AbstractCollection.toString(AbstractCollection.java:462) ~[na:1.8.0_131]
	at org.hibernate.collection.internal.PersistentBag.toString(PersistentBag.java:510) ~[hibernate-core-5.0.12.Final.jar:5.0.12.Final]
	at java.lang.String.valueOf(String.java:2994) ~[na:1.8.0_131]
	at java.lang.StringBuilder.append(StringBuilder.java:131) ~[na:1.8.0_131]
	at com.jpa.hibernate.demo.entity.Course.toString(Course.java:105) ~[classes/:na]
	at java.lang.String.valueOf(String.java:2994) ~[na:1.8.0_131]
	at java.lang.StringBuilder.append(StringBuilder.java:131) ~[na:1.8.0_131]
	at com.jpa.hibernate.demo.entity.Rating.toString(Rating.java:55) ~[classes/:na]
	at java.lang.String.valueOf(String.java:2994) ~[na:1.8.0_131]
	at java.lang.StringBuilder.append(StringBuilder.java:131) ~[na:1.8.0_131]
	at java.util.AbstractCollection.toString(AbstractCollection.java:462) ~[na:1.8.0_131]
	at org.hibernate.collection.internal.PersistentBag.toString(PersistentBag.java:510) ~[hibernate-core-5.0.12.Final.jar:5.0.12.Final]
	at java.lang.String.valueOf(String.java:2994) ~[na:1.8.0_131]
	at java.lang.StringBuilder.append(StringBuilder.java:131) ~[na:1.8.0_131]
	at com.jpa.hibernate.demo.entity.Course.toString(Course.java:105) ~[classes/:na]
	at java.lang.String.valueOf(String.java:2994) ~[na:1.8.0_131]
	at java.lang.StringBuilder.append(StringBuilder.java:131) ~[na:1.8.0_131]
	at com.jpa.hibernate.demo.entity.Rating.toString(Rating.java:55) ~[classes/:na]
	at java.lang.String.valueOf(String.java:2994) ~[na:1.8.0_131]
	at java.lang.StringBuilder.append(StringBuilder.java:131) ~[na:1.8.0_131]
	at java.util.AbstractCollection.toString(AbstractCollection.java:462) ~[na:1.8.0_131]
	at org.hibernate.collection.internal.PersistentBag.toString(PersistentBag.java:510) ~[hibernate-core-5.0.12.Final.jar:5.0.12.Final]
	at java.lang.String.valueOf(String.java:2994) ~[na:1.8.0_131]
	at java.lang.StringBuilder.append(StringBuilder.java:131) ~[na:1.8.0_131]
	at com.jpa.hibernate.demo.entity.Course.toString(Course.java:105) ~[classes/:na]
	at java.lang.String.valueOf(String.java:2994) ~[na:1.8.0_131]
	at java.lang.StringBuilder.append(StringBuilder.java:131) ~[na:1.8.0_131]
	at com.jpa.hibernate.demo.entity.Rating.toString(Rating.java:55) ~[classes/:na]
	at java.lang.String.valueOf(String.java:2994) ~[na:1.8.0_131]
	at java.lang.StringBuilder.append(StringBuilder.java:131) ~[na:1.8.0_131]
	at java.util.AbstractCollection.toString(AbstractCollection.java:462) ~[na:1.8.0_131]
	at org.hibernate.collection.internal.PersistentBag.toString(PersistentBag.java:510) ~[hibernate-core-5.0.12.Final.jar:5.0.12.Final]
	at java.lang.String.valueOf(String.java:2994) ~[na:1.8.0_131]
	at java.lang.StringBuilder.append(StringBuilder.java:131) ~[na:1.8.0_131]
	at com.jpa.hibernate.demo.entity.Course.toString(Course.java:105) ~[classes/:na]
	at java.lang.String.valueOf(String.java:2994) ~[na:1.8.0_131]
	at java.lang.StringBuilder.append(StringBuilder.java:131) ~[na:1.8.0_131]
	at com.jpa.hibernate.demo.entity.Rating.toString(Rating.java:55) ~[classes/:na]
	at java.lang.String.valueOf(String.java:2994) ~[na:1.8.0_131]
	at java.lang.StringBuilder.append(StringBuilder.java:131) ~[na:1.8.0_131]
	at java.util.AbstractCollection.toString(AbstractCollection.java:462) ~[na:1.8.0_131]
	at org.hibernate.collection.internal.PersistentBag.toString(PersistentBag.java:510) ~[hibernate-core-5.0.12.Final.jar:5.0.12.Final]
	at java.lang.String.valueOf(String.java:2994) ~[na:1.8.0_131]
	at java.lang.StringBuilder.append(StringBuilder.java:131) ~[na:1.8.0_131]
	at com.jpa.hibernate.demo.entity.Course.toString(Course.java:105) ~[classes/:na]
	at java.lang.String.valueOf(String.java:2994) ~[na:1.8.0_131]
	at java.lang.StringBuilder.append(StringBuilder.java:131) ~[na:1.8.0_131]
	at com.jpa.hibernate.demo.entity.Rating.toString(Rating.java:55) ~[classes/:na]
	at java.lang.String.valueOf(String.java:2994) ~[na:1.8.0_131]
	at java.lang.StringBuilder.append(StringBuilder.java:131) ~[na:1.8.0_131]
	at java.util.AbstractCollection.toString(AbstractCollection.java:462) ~[na:1.8.0_131]
	at org.hibernate.collection.internal.PersistentBag.toString(PersistentBag.java:510) ~[hibernate-core-5.0.12.Final.jar:5.0.12.Final]
	at java.lang.String.valueOf(String.java:2994) ~[na:1.8.0_131]
	at java.lang.StringBuilder.append(StringBuilder.java:131) ~[na:1.8.0_131]
	at com.jpa.hibernate.demo.entity.Course.toString(Course.java:105) ~[classes/:na]
	at java.lang.String.valueOf(String.java:2994) ~[na:1.8.0_131]
	at java.lang.StringBuilder.append(StringBuilder.java:131) ~[na:1.8.0_131]
	at com.jpa.hibernate.demo.entity.Rating.toString(Rating.java:55) ~[classes/:na]
	at java.lang.String.valueOf(String.java:2994) ~[na:1.8.0_131]
	at java.lang.StringBuilder.append(StringBuilder.java:131) ~[na:1.8.0_131]
	at java.util.AbstractCollection.toString(AbstractCollection.java:462) ~[na:1.8.0_131]
	at org.hibernate.collection.internal.PersistentBag.toString(PersistentBag.java:510) ~[hibernate-core-5.0.12.Final.jar:5.0.12.Final]
	at java.lang.String.valueOf(String.java:2994) ~[na:1.8.0_131]
	at java.lang.StringBuilder.append(StringBuilder.java:131) ~[na:1.8.0_131]
	at com.jpa.hibernate.demo.entity.Course.toString(Course.java:105) ~[classes/:na]
	at java.lang.String.valueOf(String.java:2994) ~[na:1.8.0_131]
	at java.lang.StringBuilder.append(StringBuilder.java:131) ~[na:1.8.0_131]
	at com.jpa.hibernate.demo.entity.Rating.toString(Rating.java:55) ~[classes/:na]
	at java.lang.String.valueOf(String.java:2994) ~[na:1.8.0_131]
	at java.lang.StringBuilder.append(StringBuilder.java:131) ~[na:1.8.0_131]
	at java.util.AbstractCollection.toString(AbstractCollection.java:462) ~[na:1.8.0_131]
	at org.hibernate.collection.internal.PersistentBag.toString(PersistentBag.java:510) ~[hibernate-core-5.0.12.Final.jar:5.0.12.Final]
	at java.lang.String.valueOf(String.java:2994) ~[na:1.8.0_131]
	at java.lang.StringBuilder.append(StringBuilder.java:131) ~[na:1.8.0_131]
	at com.jpa.hibernate.demo.entity.Course.toString(Course.java:105) ~[classes/:na]
	at java.lang.String.valueOf(String.java:2994) ~[na:1.8.0_131]
	at java.lang.StringBuilder.append(StringBuilder.java:131) ~[na:1.8.0_131]
	at com.jpa.hibernate.demo.entity.Rating.toString(Rating.java:55) ~[classes/:na]
	at java.lang.String.valueOf(String.java:2994) ~[na:1.8.0_131]
	at java.lang.StringBuilder.append(StringBuilder.java:131) ~[na:1.8.0_131]
	at java.util.AbstractCollection.toString(AbstractCollection.java:462) ~[na:1.8.0_131]
	at org.hibernate.collection.internal.PersistentBag.toString(PersistentBag.java:510) ~[hibernate-core-5.0.12.Final.jar:5.0.12.Final]
	at java.lang.String.valueOf(String.java:2994) ~[na:1.8.0_131]
	at java.lang.StringBuilder.append(StringBuilder.java:131) ~[na:1.8.0_131]
	at com.jpa.hibernate.demo.entity.Course.toString(Course.java:105) ~[classes/:na]
	at java.lang.String.valueOf(String.java:2994) ~[na:1.8.0_131]
	at java.lang.StringBuilder.append(StringBuilder.java:131) ~[na:1.8.0_131]
	at com.jpa.hibernate.demo.entity.Rating.toString(Rating.java:55) ~[classes/:na]
	at java.lang.String.valueOf(String.java:2994) ~[na:1.8.0_131]
	at java.lang.StringBuilder.append(StringBuilder.java:131) ~[na:1.8.0_131]
	at java.util.AbstractCollection.toString(AbstractCollection.java:462) ~[na:1.8.0_131]
	at org.hibernate.collection.internal.PersistentBag.toString(PersistentBag.java:510) ~[hibernate-core-5.0.12.Final.jar:5.0.12.Final]
	at java.lang.String.valueOf(String.java:2994) ~[na:1.8.0_131]
	at java.lang.StringBuilder.append(StringBuilder.java:131) ~[na:1.8.0_131]
	at com.jpa.hibernate.demo.entity.Course.toString(Course.java:105) ~[classes/:na]
	at java.lang.String.valueOf(String.java:2994) ~[na:1.8.0_131]
	at java.lang.StringBuilder.append(StringBuilder.java:131) ~[na:1.8.0_131]
	at com.jpa.hibernate.demo.entity.Rating.toString(Rating.java:55) ~[classes/:na]
	at java.lang.String.valueOf(String.java:2994) ~[na:1.8.0_131]
	at java.lang.StringBuilder.append(StringBuilder.java:131) ~[na:1.8.0_131]
	at java.util.AbstractCollection.toString(AbstractCollection.java:462) ~[na:1.8.0_131]
	at org.hibernate.collection.internal.PersistentBag.toString(PersistentBag.java:510) ~[hibernate-core-5.0.12.Final.jar:5.0.12.Final]
	at java.lang.String.valueOf(String.java:2994) ~[na:1.8.0_131]
	at java.lang.StringBuilder.append(StringBuilder.java:131) ~[na:1.8.0_131]
	at com.jpa.hibernate.demo.entity.Course.toString(Course.java:105) ~[classes/:na]
	at java.lang.String.valueOf(String.java:2994) ~[na:1.8.0_131]
	at java.lang.StringBuilder.append(StringBuilder.java:131) ~[na:1.8.0_131]
	at com.jpa.hibernate.demo.entity.Rating.toString(Rating.java:55) ~[classes/:na]
	at java.lang.String.valueOf(String.java:2994) ~[na:1.8.0_131]
	at java.lang.StringBuilder.append(StringBuilder.java:131) ~[na:1.8.0_131]
	at java.util.AbstractCollection.toString(AbstractCollection.java:462) ~[na:1.8.0_131]
	at org.hibernate.collection.internal.PersistentBag.toString(PersistentBag.java:510) ~[hibernate-core-5.0.12.Final.jar:5.0.12.Final]
	at java.lang.String.valueOf(String.java:2994) ~[na:1.8.0_131]
	at java.lang.StringBuilder.append(StringBuilder.java:131) ~[na:1.8.0_131]
	at com.jpa.hibernate.demo.entity.Course.toString(Course.java:105) ~[classes/:na]
	at java.lang.String.valueOf(String.java:2994) ~[na:1.8.0_131]
	at java.lang.StringBuilder.append(StringBuilder.java:131) ~[na:1.8.0_131]
	at com.jpa.hibernate.demo.entity.Rating.toString(Rating.java:55) ~[classes/:na]
	at java.lang.String.valueOf(String.java:2994) ~[na:1.8.0_131]
	at java.lang.StringBuilder.append(StringBuilder.java:131) ~[na:1.8.0_131]
	at java.util.AbstractCollection.toString(AbstractCollection.java:462) ~[na:1.8.0_131]
	at org.hibernate.collection.internal.PersistentBag.toString(PersistentBag.java:510) ~[hibernate-core-5.0.12.Final.jar:5.0.12.Final]
	at java.lang.String.valueOf(String.java:2994) ~[na:1.8.0_131]
	at java.lang.StringBuilder.append(StringBuilder.java:131) ~[na:1.8.0_131]
	at com.jpa.hibernate.demo.entity.Course.toString(Course.java:105) ~[classes/:na]
	at java.lang.String.valueOf(String.java:2994) ~[na:1.8.0_131]
	at java.lang.StringBuilder.append(StringBuilder.java:131) ~[na:1.8.0_131]
	at com.jpa.hibernate.demo.entity.Rating.toString(Rating.java:55) ~[classes/:na]
	at java.lang.String.valueOf(String.java:2994) ~[na:1.8.0_131]
	at java.lang.StringBuilder.append(StringBuilder.java:131) ~[na:1.8.0_131]
	at java.util.AbstractCollection.toString(AbstractCollection.java:462) ~[na:1.8.0_131]
	at org.hibernate.collection.internal.PersistentBag.toString(PersistentBag.java:510) ~[hibernate-core-5.0.12.Final.jar:5.0.12.Final]
	at java.lang.String.valueOf(String.java:2994) ~[na:1.8.0_131]
	at java.lang.StringBuilder.append(StringBuilder.java:131) ~[na:1.8.0_131]
	at com.jpa.hibernate.demo.entity.Course.toString(Course.java:105) ~[classes/:na]
	at java.lang.String.valueOf(String.java:2994) ~[na:1.8.0_131]
	at java.lang.StringBuilder.append(StringBuilder.java:131) ~[na:1.8.0_131]
	at com.jpa.hibernate.demo.entity.Rating.toString(Rating.java:55) ~[classes/:na]
	at java.lang.String.valueOf(String.java:2994) ~[na:1.8.0_131]
	at java.lang.StringBuilder.append(StringBuilder.java:131) ~[na:1.8.0_131]
	at java.util.AbstractCollection.toString(AbstractCollection.java:462) ~[na:1.8.0_131]
	at org.hibernate.collection.internal.PersistentBag.toString(PersistentBag.java:510) ~[hibernate-core-5.0.12.Final.jar:5.0.12.Final]
	at java.lang.String.valueOf(String.java:2994) ~[na:1.8.0_131]
	at java.lang.StringBuilder.append(StringBuilder.java:131) ~[na:1.8.0_131]
	at com.jpa.hibernate.demo.entity.Course.toString(Course.java:105) ~[classes/:na]
	at java.lang.String.valueOf(String.java:2994) ~[na:1.8.0_131]
	at java.lang.StringBuilder.append(StringBuilder.java:131) ~[na:1.8.0_131]
	at com.jpa.hibernate.demo.entity.Rating.toString(Rating.java:55) ~[classes/:na]
	at java.lang.String.valueOf(String.java:2994) ~[na:1.8.0_131]
	at java.lang.StringBuilder.append(StringBuilder.java:131) ~[na:1.8.0_131]
	at java.util.AbstractCollection.toString(AbstractCollection.java:462) ~[na:1.8.0_131]
	at org.hibernate.collection.internal.PersistentBag.toString(PersistentBag.java:510) ~[hibernate-core-5.0.12.Final.jar:5.0.12.Final]
	at java.lang.String.valueOf(String.java:2994) ~[na:1.8.0_131]
	at java.lang.StringBuilder.append(StringBuilder.java:131) ~[na:1.8.0_131]
	at com.jpa.hibernate.demo.entity.Course.toString(Course.java:105) ~[classes/:na]
	at java.lang.String.valueOf(String.java:2994) ~[na:1.8.0_131]
	at java.lang.StringBuilder.append(StringBuilder.java:131) ~[na:1.8.0_131]
	at com.jpa.hibernate.demo.entity.Rating.toString(Rating.java:55) ~[classes/:na]
	at java.lang.String.valueOf(String.java:2994) ~[na:1.8.0_131]
	at java.lang.StringBuilder.append(StringBuilder.java:131) ~[na:1.8.0_131]
	at java.util.AbstractCollection.toString(AbstractCollection.java:462) ~[na:1.8.0_131]
	at org.hibernate.collection.internal.PersistentBag.toString(PersistentBag.java:510) ~[hibernate-core-5.0.12.Final.jar:5.0.12.Final]
	at java.lang.String.valueOf(String.java:2994) ~[na:1.8.0_131]
	at java.lang.StringBuilder.append(StringBuilder.java:131) ~[na:1.8.0_131]
	at com.jpa.hibernate.demo.entity.Course.toString(Course.java:105) ~[classes/:na]
	at java.lang.String.valueOf(String.java:2994) ~[na:1.8.0_131]
	at java.lang.StringBuilder.append(StringBuilder.java:131) ~[na:1.8.0_131]
	at com.jpa.hibernate.demo.entity.Rating.toString(Rating.java:55) ~[classes/:na]
	at java.lang.String.valueOf(String.java:2994) ~[na:1.8.0_131]
	at java.lang.StringBuilder.append(StringBuilder.java:131) ~[na:1.8.0_131]
	at java.util.AbstractCollection.toString(AbstractCollection.java:462) ~[na:1.8.0_131]
	at org.hibernate.collection.internal.PersistentBag.toString(PersistentBag.java:510) ~[hibernate-core-5.0.12.Final.jar:5.0.12.Final]
	at java.lang.String.valueOf(String.java:2994) ~[na:1.8.0_131]
	at java.lang.StringBuilder.append(StringBuilder.java:131) ~[na:1.8.0_131]
	at com.jpa.hibernate.demo.entity.Course.toString(Course.java:105) ~[classes/:na]
	at java.lang.String.valueOf(String.java:2994) ~[na:1.8.0_131]
	at java.lang.StringBuilder.append(StringBuilder.java:131) ~[na:1.8.0_131]
	at com.jpa.hibernate.demo.entity.Rating.toString(Rating.java:55) ~[classes/:na]
	at java.lang.String.valueOf(String.java:2994) ~[na:1.8.0_131]
	at java.lang.StringBuilder.append(StringBuilder.java:131) ~[na:1.8.0_131]
	at java.util.AbstractCollection.toString(AbstractCollection.java:462) ~[na:1.8.0_131]
	at org.hibernate.collection.internal.PersistentBag.toString(PersistentBag.java:510) ~[hibernate-core-5.0.12.Final.jar:5.0.12.Final]
	at java.lang.String.valueOf(String.java:2994) ~[na:1.8.0_131]
	at java.lang.StringBuilder.append(StringBuilder.java:131) ~[na:1.8.0_131]
	at com.jpa.hibernate.demo.entity.Course.toString(Course.java:105) ~[classes/:na]
	at java.lang.String.valueOf(String.java:2994) ~[na:1.8.0_131]
	at java.lang.StringBuilder.append(StringBuilder.java:131) ~[na:1.8.0_131]
	at com.jpa.hibernate.demo.entity.Rating.toString(Rating.java:55) ~[classes/:na]
	at java.lang.String.valueOf(String.java:2994) ~[na:1.8.0_131]
	at java.lang.StringBuilder.append(StringBuilder.java:131) ~[na:1.8.0_131]
	at java.util.AbstractCollection.toString(AbstractCollection.java:462) ~[na:1.8.0_131]
	at org.hibernate.collection.internal.PersistentBag.toString(PersistentBag.java:510) ~[hibernate-core-5.0.12.Final.jar:5.0.12.Final]
	at java.lang.String.valueOf(String.java:2994) ~[na:1.8.0_131]
	at java.lang.StringBuilder.append(StringBuilder.java:131) ~[na:1.8.0_131]
	at com.jpa.hibernate.demo.entity.Course.toString(Course.java:105) ~[classes/:na]
	at java.lang.String.valueOf(String.java:2994) ~[na:1.8.0_131]
	at java.lang.StringBuilder.append(StringBuilder.java:131) ~[na:1.8.0_131]
	at com.jpa.hibernate.demo.entity.Rating.toString(Rating.java:55) ~[classes/:na]
	at java.lang.String.valueOf(String.java:2994) ~[na:1.8.0_131]
	at java.lang.StringBuilder.append(StringBuilder.java:131) ~[na:1.8.0_131]
	at java.util.AbstractCollection.toString(AbstractCollection.java:462) ~[na:1.8.0_131]
	at org.hibernate.collection.internal.PersistentBag.toString(PersistentBag.java:510) ~[hibernate-core-5.0.12.Final.jar:5.0.12.Final]
	at java.lang.String.valueOf(String.java:2994) ~[na:1.8.0_131]
	at java.lang.StringBuilder.append(StringBuilder.java:131) ~[na:1.8.0_131]
	at com.jpa.hibernate.demo.entity.Course.toString(Course.java:105) ~[classes/:na]
	at java.lang.String.valueOf(String.java:2994) ~[na:1.8.0_131]
	at java.lang.StringBuilder.append(StringBuilder.java:131) ~[na:1.8.0_131]
	at com.jpa.hibernate.demo.entity.Rating.toString(Rating.java:55) ~[classes/:na]
	at java.lang.String.valueOf(String.java:2994) ~[na:1.8.0_131]
	at java.lang.StringBuilder.append(StringBuilder.java:131) ~[na:1.8.0_131]
	at java.util.AbstractCollection.toString(AbstractCollection.java:462) ~[na:1.8.0_131]
	at org.hibernate.collection.internal.PersistentBag.toString(PersistentBag.java:510) ~[hibernate-core-5.0.12.Final.jar:5.0.12.Final]
	at java.lang.String.valueOf(String.java:2994) ~[na:1.8.0_131]
	at java.lang.StringBuilder.append(StringBuilder.java:131) ~[na:1.8.0_131]
	at com.jpa.hibernate.demo.entity.Course.toString(Course.java:105) ~[classes/:na]
	at java.lang.String.valueOf(String.java:2994) ~[na:1.8.0_131]
	at java.lang.StringBuilder.append(StringBuilder.java:131) ~[na:1.8.0_131]
	at com.jpa.hibernate.demo.entity.Rating.toString(Rating.java:55) ~[classes/:na]
	at java.lang.String.valueOf(String.java:2994) ~[na:1.8.0_131]
	at java.lang.StringBuilder.append(StringBuilder.java:131) ~[na:1.8.0_131]
	at java.util.AbstractCollection.toString(AbstractCollection.java:462) ~[na:1.8.0_131]
	at org.hibernate.collection.internal.PersistentBag.toString(PersistentBag.java:510) ~[hibernate-core-5.0.12.Final.jar:5.0.12.Final]
	at java.lang.String.valueOf(String.java:2994) ~[na:1.8.0_131]
	at java.lang.StringBuilder.append(StringBuilder.java:131) ~[na:1.8.0_131]
	at com.jpa.hibernate.demo.entity.Course.toString(Course.java:105) ~[classes/:na]
	at java.lang.String.valueOf(String.java:2994) ~[na:1.8.0_131]
	at java.lang.StringBuilder.append(StringBuilder.java:131) ~[na:1.8.0_131]
	at com.jpa.hibernate.demo.entity.Rating.toString(Rating.java:55) ~[classes/:na]
	at java.lang.String.valueOf(String.java:2994) ~[na:1.8.0_131]
	at java.lang.StringBuilder.append(StringBuilder.java:131) ~[na:1.8.0_131]
	at java.util.AbstractCollection.toString(AbstractCollection.java:462) ~[na:1.8.0_131]
	at org.hibernate.collection.internal.PersistentBag.toString(PersistentBag.java:510) ~[hibernate-core-5.0.12.Final.jar:5.0.12.Final]
	at java.lang.String.valueOf(String.java:2994) ~[na:1.8.0_131]
	at java.lang.StringBuilder.append(StringBuilder.java:131) ~[na:1.8.0_131]
	at com.jpa.hibernate.demo.entity.Course.toString(Course.java:105) ~[classes/:na]
	at java.lang.String.valueOf(String.java:2994) ~[na:1.8.0_131]
	at java.lang.StringBuilder.append(StringBuilder.java:131) ~[na:1.8.0_131]
	at com.jpa.hibernate.demo.entity.Rating.toString(Rating.java:55) ~[classes/:na]
	at java.lang.String.valueOf(String.java:2994) ~[na:1.8.0_131]
	at java.lang.StringBuilder.append(StringBuilder.java:131) ~[na:1.8.0_131]
	at java.util.AbstractCollection.toString(AbstractCollection.java:462) ~[na:1.8.0_131]
	at org.hibernate.collection.internal.PersistentBag.toString(PersistentBag.java:510) ~[hibernate-core-5.0.12.Final.jar:5.0.12.Final]
	at java.lang.String.valueOf(String.java:2994) ~[na:1.8.0_131]
	at java.lang.StringBuilder.append(StringBuilder.java:131) ~[na:1.8.0_131]
	at com.jpa.hibernate.demo.entity.Course.toString(Course.java:105) ~[classes/:na]
	at java.lang.String.valueOf(String.java:2994) ~[na:1.8.0_131]
	at java.lang.StringBuilder.append(StringBuilder.java:131) ~[na:1.8.0_131]
	at com.jpa.hibernate.demo.entity.Rating.toString(Rating.java:55) ~[classes/:na]
	at java.lang.String.valueOf(String.java:2994) ~[na:1.8.0_131]
	at java.lang.StringBuilder.append(StringBuilder.java:131) ~[na:1.8.0_131]
	at java.util.AbstractCollection.toString(AbstractCollection.java:462) ~[na:1.8.0_131]
	at org.hibernate.collection.internal.PersistentBag.toString(PersistentBag.java:510) ~[hibernate-core-5.0.12.Final.jar:5.0.12.Final]
	at java.lang.String.valueOf(String.java:2994) ~[na:1.8.0_131]
	at java.lang.StringBuilder.append(StringBuilder.java:131) ~[na:1.8.0_131]
	at com.jpa.hibernate.demo.entity.Course.toString(Course.java:105) ~[classes/:na]
	at java.lang.String.valueOf(String.java:2994) ~[na:1.8.0_131]
	at java.lang.StringBuilder.append(StringBuilder.java:131) ~[na:1.8.0_131]
	at com.jpa.hibernate.demo.entity.Rating.toString(Rating.java:55) ~[classes/:na]
	at java.lang.String.valueOf(String.java:2994) ~[na:1.8.0_131]
	at java.lang.StringBuilder.append(StringBuilder.java:131) ~[na:1.8.0_131]
	at java.util.AbstractCollection.toString(AbstractCollection.java:462) ~[na:1.8.0_131]
	at org.hibernate.collection.internal.PersistentBag.toString(PersistentBag.java:510) ~[hibernate-core-5.0.12.Final.jar:5.0.12.Final]
	at java.lang.String.valueOf(String.java:2994) ~[na:1.8.0_131]
	at java.lang.StringBuilder.append(StringBuilder.java:131) ~[na:1.8.0_131]
	at com.jpa.hibernate.demo.entity.Course.toString(Course.java:105) ~[classes/:na]
	at java.lang.String.valueOf(String.java:2994) ~[na:1.8.0_131]
	at java.lang.StringBuilder.append(StringBuilder.java:131) ~[na:1.8.0_131]
	at com.jpa.hibernate.demo.entity.Rating.toString(Rating.java:55) ~[classes/:na]
	at java.lang.String.valueOf(String.java:2994) ~[na:1.8.0_131]
	at java.lang.StringBuilder.append(StringBuilder.java:131) ~[na:1.8.0_131]
	at java.util.AbstractCollection.toString(AbstractCollection.java:462) ~[na:1.8.0_131]
	at org.hibernate.collection.internal.PersistentBag.toString(PersistentBag.java:510) ~[hibernate-core-5.0.12.Final.jar:5.0.12.Final]
	at java.lang.String.valueOf(String.java:2994) ~[na:1.8.0_131]
	at java.lang.StringBuilder.append(StringBuilder.java:131) ~[na:1.8.0_131]
	at com.jpa.hibernate.demo.entity.Course.toString(Course.java:105) ~[classes/:na]
	at java.lang.String.valueOf(String.java:2994) ~[na:1.8.0_131]
	at java.lang.StringBuilder.append(StringBuilder.java:131) ~[na:1.8.0_131]
	at com.jpa.hibernate.demo.entity.Rating.toString(Rating.java:55) ~[classes/:na]
	at java.lang.String.valueOf(String.java:2994) ~[na:1.8.0_131]
	at java.lang.StringBuilder.append(StringBuilder.java:131) ~[na:1.8.0_131]
	at java.util.AbstractCollection.toString(AbstractCollection.java:462) ~[na:1.8.0_131]
	at org.hibernate.collection.internal.PersistentBag.toString(PersistentBag.java:510) ~[hibernate-core-5.0.12.Final.jar:5.0.12.Final]
	at java.lang.String.valueOf(String.java:2994) ~[na:1.8.0_131]
	at java.lang.StringBuilder.append(StringBuilder.java:131) ~[na:1.8.0_131]
	at com.jpa.hibernate.demo.entity.Course.toString(Course.java:105) ~[classes/:na]
	at java.lang.String.valueOf(String.java:2994) ~[na:1.8.0_131]
	at java.lang.StringBuilder.append(StringBuilder.java:131) ~[na:1.8.0_131]
	at com.jpa.hibernate.demo.entity.Rating.toString(Rating.java:55) ~[classes/:na]
	at java.lang.String.valueOf(String.java:2994) ~[na:1.8.0_131]
	at java.lang.StringBuilder.append(StringBuilder.java:131) ~[na:1.8.0_131]
	at java.util.AbstractCollection.toString(AbstractCollection.java:462) ~[na:1.8.0_131]
	at org.hibernate.collection.internal.PersistentBag.toString(PersistentBag.java:510) ~[hibernate-core-5.0.12.Final.jar:5.0.12.Final]
	at java.lang.String.valueOf(String.java:2994) ~[na:1.8.0_131]
	at java.lang.StringBuilder.append(StringBuilder.java:131) ~[na:1.8.0_131]
	at com.jpa.hibernate.demo.entity.Course.toString(Course.java:105) ~[classes/:na]
	at java.lang.String.valueOf(String.java:2994) ~[na:1.8.0_131]
	at java.lang.StringBuilder.append(StringBuilder.java:131) ~[na:1.8.0_131]
	at com.jpa.hibernate.demo.entity.Rating.toString(Rating.java:55) ~[classes/:na]
	at java.lang.String.valueOf(String.java:2994) ~[na:1.8.0_131]
	at java.lang.StringBuilder.append(StringBuilder.java:131) ~[na:1.8.0_131]
	at java.util.AbstractCollection.toString(AbstractCollection.java:462) ~[na:1.8.0_131]
	at org.hibernate.collection.internal.PersistentBag.toString(PersistentBag.java:510) ~[hibernate-core-5.0.12.Final.jar:5.0.12.Final]
	at java.lang.String.valueOf(String.java:2994) ~[na:1.8.0_131]
	at java.lang.StringBuilder.append(StringBuilder.java:131) ~[na:1.8.0_131]
	at com.jpa.hibernate.demo.entity.Course.toString(Course.java:105) ~[classes/:na]
	at java.lang.String.valueOf(String.java:2994) ~[na:1.8.0_131]
	at java.lang.StringBuilder.append(StringBuilder.java:131) ~[na:1.8.0_131]
	at com.jpa.hibernate.demo.entity.Rating.toString(Rating.java:55) ~[classes/:na]
	at java.lang.String.valueOf(String.java:2994) ~[na:1.8.0_131]
	at java.lang.StringBuilder.append(StringBuilder.java:131) ~[na:1.8.0_131]
	at java.util.AbstractCollection.toString(AbstractCollection.java:462) ~[na:1.8.0_131]
	at org.hibernate.collection.internal.PersistentBag.toString(PersistentBag.java:510) ~[hibernate-core-5.0.12.Final.jar:5.0.12.Final]
	at java.lang.String.valueOf(String.java:2994) ~[na:1.8.0_131]
	at java.lang.StringBuilder.append(StringBuilder.java:131) ~[na:1.8.0_131]
	at com.jpa.hibernate.demo.entity.Course.toString(Course.java:105) ~[classes/:na]
[...]
	at java.util.AbstractCollection.toString(AbstractCollection.java:462) ~[na:1.8.0_131]
	at org.hibernate.collection.internal.PersistentBag.toString(PersistentBag.java:510) ~[hibernate-core-5.0.12.Final.jar:5.0.12.Final]
	at java.lang.String.valueOf(String.java:2994) ~[na:1.8.0_131]
	at java.lang.StringBuilder.append(StringBuilder.java:131) ~[na:1.8.0_131]
	at com.jpa.hibernate.demo.entity.Course.toString(Course.java:105) ~[classes/:na]
	at java.lang.String.valueOf(String.java:2994) ~[na:1.8.0_131]
	at java.lang.StringBuilder.append(StringBuilder.java:131) ~[na:1.8.0_131]
	at com.jpa.hibernate.demo.entity.Rating.toString(Rating.java:55) ~[classes/:na]
	at java.lang.String.valueOf(String.java:2994) ~[na:1.8.0_131]
	at java.lang.StringBuilder.append(StringBuilder.java:131) ~[na:1.8.0_131]
	at java.util.AbstractCollection.toString(AbstractCollection.java:462) ~[na:1.8.0_131]
	at org.hibernate.collection.internal.PersistentBag.toString(PersistentBag.java:510) ~[hibernate-core-5.0.12.Final.jar:5.0.12.Final]
	at java.lang.String.valueOf(String.java:2994) ~[na:1.8.0_131]
	at java.lang.StringBuilder.append(StringBuilder.java:131) ~[na:1.8.0_131]
	at com.jpa.hibernate.demo.entity.Course.toString(Course.java:105) ~[classes/:na]
	at java.lang.String.valueOf(String.java:2994) ~[na:1.8.0_131]
	at java.lang.StringBuilder.append(StringBuilder.java:131) ~[na:1.8.0_131]
	at com.jpa.hibernate.demo.entity.Rating.toString(Rating.java:55) ~[classes/:na]
	at java.lang.String.valueOf(String.java:2994) ~[na:1.8.0_131]
	at java.lang.StringBuilder.append(StringBuilder.java:131) ~[na:1.8.0_131]
	at java.util.AbstractCollection.toString(AbstractCollection.java:462) ~[na:1.8.0_131]
	at org.hibernate.collection.internal.PersistentBag.toString(PersistentBag.java:510) ~[hibernate-core-5.0.12.Final.jar:5.0.12.Final]
	at java.lang.String.valueOf(String.java:2994) ~[na:1.8.0_131]
	at java.lang.StringBuilder.append(StringBuilder.java:131) ~[na:1.8.0_131]
	at com.jpa.hibernate.demo.entity.Course.toString(Course.java:105) ~[classes/:na]
	at java.lang.String.valueOf(String.java:2994) ~[na:1.8.0_131]
	at java.lang.StringBuilder.append(StringBuilder.java:131) ~[na:1.8.0_131]
	at com.jpa.hibernate.demo.entity.Rating.toString(Rating.java:55) ~[classes/:na]
	at java.lang.String.valueOf(String.java:2994) ~[na:1.8.0_131]
	at java.lang.StringBuilder.append(StringBuilder.java:131) ~[na:1.8.0_131]
	at java.util.AbstractCollection.toString(AbstractCollection.java:462) ~[na:1.8.0_131]
	at org.hibernate.collection.internal.PersistentBag.toString(PersistentBag.java:510) ~[hibernate-core-5.0.12.Final.jar:5.0.12.Final]
	at java.lang.String.valueOf(String.java:2994) ~[na:1.8.0_131]
	at java.lang.StringBuilder.append(StringBuilder.java:131) ~[na:1.8.0_131]
	at com.jpa.hibernate.demo.entity.Course.toString(Course.java:105) ~[classes/:na]
	at java.lang.String.valueOf(String.java:2994) ~[na:1.8.0_131]
	at java.lang.StringBuilder.append(StringBuilder.java:131) ~[na:1.8.0_131]
	at com.jpa.hibernate.demo.entity.Rating.toString(Rating.java:55) ~[classes/:na]
	at java.lang.String.valueOf(String.java:2994) ~[na:1.8.0_131]
	at java.lang.StringBuilder.append(StringBuilder.java:131) ~[na:1.8.0_131]
	at java.util.AbstractCollection.toString(AbstractCollection.java:462) ~[na:1.8.0_131]
	at org.hibernate.collection.internal.PersistentBag.toString(PersistentBag.java:510) ~[hibernate-core-5.0.12.Final.jar:5.0.12.Final]
	at java.lang.String.valueOf(String.java:2994) ~[na:1.8.0_131]
	at java.lang.StringBuilder.append(StringBuilder.java:131) ~[na:1.8.0_131]
	at com.jpa.hibernate.demo.entity.Course.toString(Course.java:105) ~[classes/:na]
	at java.lang.String.valueOf(String.java:2994) ~[na:1.8.0_131]
	at java.lang.StringBuilder.append(StringBuilder.java:131) ~[na:1.8.0_131]
	at com.jpa.hibernate.demo.entity.Rating.toString(Rating.java:55) ~[classes/:na]
	at java.lang.String.valueOf(String.java:2994) ~[na:1.8.0_131]
	at java.lang.StringBuilder.append(StringBuilder.java:131) ~[na:1.8.0_131]
	at java.util.AbstractCollection.toString(AbstractCollection.java:462) ~[na:1.8.0_131]
	at org.hibernate.collection.internal.PersistentBag.toString(PersistentBag.java:510) ~[hibernate-core-5.0.12.Final.jar:5.0.12.Final]
	at java.lang.String.valueOf(String.java:2994) ~[na:1.8.0_131]
	at java.lang.StringBuilder.append(StringBuilder.java:131) ~[na:1.8.0_131]
	at com.jpa.hibernate.demo.entity.Course.toString(Course.java:105) ~[classes/:na]
	at java.lang.String.valueOf(String.java:2994) ~[na:1.8.0_131]
	at java.lang.StringBuilder.append(StringBuilder.java:131) ~[na:1.8.0_131]
	at com.jpa.hibernate.demo.entity.Rating.toString(Rating.java:55) ~[classes/:na]
	at java.lang.String.valueOf(String.java:2994) ~[na:1.8.0_131]
	at java.lang.StringBuilder.append(StringBuilder.java:131) ~[na:1.8.0_131]
	at java.util.AbstractCollection.toString(AbstractCollection.java:462) ~[na:1.8.0_131]
	at org.hibernate.collection.internal.PersistentBag.toString(PersistentBag.java:510) ~[hibernate-core-5.0.12.Final.jar:5.0.12.Final]
	at java.lang.String.valueOf(String.java:2994) ~[na:1.8.0_131]
	at java.lang.StringBuilder.append(StringBuilder.java:131) ~[na:1.8.0_131]
	at com.jpa.hibernate.demo.entity.Course.toString(Course.java:105) ~[classes/:na]
	at java.lang.String.valueOf(String.java:2994) ~[na:1.8.0_131]
	at java.lang.StringBuilder.append(StringBuilder.java:131) ~[na:1.8.0_131]
	at com.jpa.hibernate.demo.entity.Rating.toString(Rating.java:55) ~[classes/:na]
	at java.lang.String.valueOf(String.java:2994) ~[na:1.8.0_131]
	at java.lang.StringBuilder.append(StringBuilder.java:131) ~[na:1.8.0_131]
	at java.util.AbstractCollection.toString(AbstractCollection.java:462) ~[na:1.8.0_131]
	at org.hibernate.collection.internal.PersistentBag.toString(PersistentBag.java:510) ~[hibernate-core-5.0.12.Final.jar:5.0.12.Final]
	at java.lang.String.valueOf(String.java:2994) ~[na:1.8.0_131]
	at java.lang.StringBuilder.append(StringBuilder.java:131) ~[na:1.8.0_131]
	at com.jpa.hibernate.demo.entity.Course.toString(Course.java:105) ~[classes/:na]
	at java.lang.String.valueOf(String.java:2994) ~[na:1.8.0_131]
	at java.lang.StringBuilder.append(StringBuilder.java:131) ~[na:1.8.0_131]
	at com.jpa.hibernate.demo.entity.Rating.toString(Rating.java:55) ~[classes/:na]
	at java.lang.String.valueOf(String.java:2994) ~[na:1.8.0_131]
	at java.lang.StringBuilder.append(StringBuilder.java:131) ~[na:1.8.0_131]
	at java.util.AbstractCollection.toString(AbstractCollection.java:462) ~[na:1.8.0_131]
	at org.hibernate.collection.internal.PersistentBag.toString(PersistentBag.java:510) ~[hibernate-core-5.0.12.Final.jar:5.0.12.Final]
	at java.lang.String.valueOf(String.java:2994) ~[na:1.8.0_131]
	at java.lang.StringBuilder.append(StringBuilder.java:131) ~[na:1.8.0_131]
	at com.jpa.hibernate.demo.entity.Course.toString(Course.java:105) ~[classes/:na]
	at java.lang.String.valueOf(String.java:2994) ~[na:1.8.0_131]
	at java.lang.StringBuilder.append(StringBuilder.java:131) ~[na:1.8.0_131]
	at com.jpa.hibernate.demo.entity.Rating.toString(Rating.java:55) ~[classes/:na]
	at java.lang.String.valueOf(String.java:2994) ~[na:1.8.0_131]
	at java.lang.StringBuilder.append(StringBuilder.java:131) ~[na:1.8.0_131]
	at java.util.AbstractCollection.toString(AbstractCollection.java:462) ~[na:1.8.0_131]
	at org.hibernate.collection.internal.PersistentBag.toString(PersistentBag.java:510) ~[hibernate-core-5.0.12.Final.jar:5.0.12.Final]
	at java.lang.String.valueOf(String.java:2994) ~[na:1.8.0_131]
	at java.lang.StringBuilder.append(StringBuilder.java:131) ~[na:1.8.0_131]
	at com.jpa.hibernate.demo.entity.Course.toString(Course.java:105) ~[classes/:na]
	at java.lang.String.valueOf(String.java:2994) ~[na:1.8.0_131]
	at java.lang.StringBuilder.append(StringBuilder.java:131) ~[na:1.8.0_131]
	at com.jpa.hibernate.demo.entity.Rating.toString(Rating.java:55) ~[classes/:na]
	at java.lang.String.valueOf(String.java:2994) ~[na:1.8.0_131]
	at java.lang.StringBuilder.append(StringBuilder.java:131) ~[na:1.8.0_131]
	at java.util.AbstractCollection.toString(AbstractCollection.java:462) ~[na:1.8.0_131]
	at org.hibernate.collection.internal.PersistentBag.toString(PersistentBag.java:510) ~[hibernate-core-5.0.12.Final.jar:5.0.12.Final]
	at java.lang.String.valueOf(String.java:2994) ~[na:1.8.0_131]
	at java.lang.StringBuilder.append(StringBuilder.java:131) ~[na:1.8.0_131]
	at com.jpa.hibernate.demo.entity.Course.toString(Course.java:105) ~[classes/:na]
	at java.lang.String.valueOf(String.java:2994) ~[na:1.8.0_131]
	at java.lang.StringBuilder.append(StringBuilder.java:131) ~[na:1.8.0_131]
	at com.jpa.hibernate.demo.entity.Rating.toString(Rating.java:55) ~[classes/:na]
	at java.lang.String.valueOf(String.java:2994) ~[na:1.8.0_131]
	at java.lang.StringBuilder.append(StringBuilder.java:131) ~[na:1.8.0_131]
	at java.util.AbstractCollection.toString(AbstractCollection.java:462) ~[na:1.8.0_131]
	at org.hibernate.collection.internal.PersistentBag.toString(PersistentBag.java:510) ~[hibernate-core-5.0.12.Final.jar:5.0.12.Final]
	at java.lang.String.valueOf(String.java:2994) ~[na:1.8.0_131]
	at java.lang.StringBuilder.append(StringBuilder.java:131) ~[na:1.8.0_131]
	at com.jpa.hibernate.demo.entity.Course.toString(Course.java:105) ~[classes/:na]
	at java.lang.String.valueOf(String.java:2994) ~[na:1.8.0_131]
	at java.lang.StringBuilder.append(StringBuilder.java:131) ~[na:1.8.0_131]
	at com.jpa.hibernate.demo.entity.Rating.toString(Rating.java:55) ~[classes/:na]
	at java.lang.String.valueOf(String.java:2994) ~[na:1.8.0_131]
	at java.lang.StringBuilder.append(StringBuilder.java:131) ~[na:1.8.0_131]
	at java.util.AbstractCollection.toString(AbstractCollection.java:462) ~[na:1.8.0_131]
	at org.hibernate.collection.internal.PersistentBag.toString(PersistentBag.java:510) ~[hibernate-core-5.0.12.Final.jar:5.0.12.Final]
	at java.lang.String.valueOf(String.java:2994) ~[na:1.8.0_131]
	at java.lang.StringBuilder.append(StringBuilder.java:131) ~[na:1.8.0_131]
	at com.jpa.hibernate.demo.entity.Course.toString(Course.java:105) ~[classes/:na]
	at java.lang.String.valueOf(String.java:2994) ~[na:1.8.0_131]
	at java.lang.StringBuilder.append(StringBuilder.java:131) ~[na:1.8.0_131]
	at com.jpa.hibernate.demo.entity.Rating.toString(Rating.java:55) ~[classes/:na]
	at java.lang.String.valueOf(String.java:2994) ~[na:1.8.0_131]
	at java.lang.StringBuilder.append(StringBuilder.java:131) ~[na:1.8.0_131]
	at java.util.AbstractCollection.toString(AbstractCollection.java:462) ~[na:1.8.0_131]
	at org.hibernate.collection.internal.PersistentBag.toString(PersistentBag.java:510) ~[hibernate-core-5.0.12.Final.jar:5.0.12.Final]
	at java.lang.String.valueOf(String.java:2994) ~[na:1.8.0_131]
	at java.lang.StringBuilder.append(StringBuilder.java:131) ~[na:1.8.0_131]
	at com.jpa.hibernate.demo.entity.Course.toString(Course.java:105) ~[classes/:na]
	at java.lang.String.valueOf(String.java:2994) ~[na:1.8.0_131]
	at java.lang.StringBuilder.append(StringBuilder.java:131) ~[na:1.8.0_131]
	at com.jpa.hibernate.demo.entity.Rating.toString(Rating.java:55) ~[classes/:na]
	at java.lang.String.valueOf(String.java:2994) ~[na:1.8.0_131]
	at java.lang.StringBuilder.append(StringBuilder.java:131) ~[na:1.8.0_131]
	at java.util.AbstractCollection.toString(AbstractCollection.java:462) ~[na:1.8.0_131]
	at org.hibernate.collection.internal.PersistentBag.toString(PersistentBag.java:510) ~[hibernate-core-5.0.12.Final.jar:5.0.12.Final]
	at java.lang.String.valueOf(String.java:2994) ~[na:1.8.0_131]
	at java.lang.StringBuilder.append(StringBuilder.java:131) ~[na:1.8.0_131]
	at com.jpa.hibernate.demo.entity.Course.toString(Course.java:105) ~[classes/:na]
	at java.lang.String.valueOf(String.java:2994) ~[na:1.8.0_131]
	at java.lang.StringBuilder.append(StringBuilder.java:131) ~[na:1.8.0_131]
	at com.jpa.hibernate.demo.entity.Rating.toString(Rating.java:55) ~[classes/:na]
	at java.lang.String.valueOf(String.java:2994) ~[na:1.8.0_131]
	at java.lang.StringBuilder.append(StringBuilder.java:131) ~[na:1.8.0_131]
	at java.util.AbstractCollection.toString(AbstractCollection.java:462) ~[na:1.8.0_131]
	at org.hibernate.collection.internal.PersistentBag.toString(PersistentBag.java:510) ~[hibernate-core-5.0.12.Final.jar:5.0.12.Final]
	at java.lang.String.valueOf(String.java:2994) ~[na:1.8.0_131]
	at java.lang.StringBuilder.append(StringBuilder.java:131) ~[na:1.8.0_131]
	at com.jpa.hibernate.demo.entity.Course.toString(Course.java:105) ~[classes/:na]
	at java.lang.String.valueOf(String.java:2994) ~[na:1.8.0_131]
	at java.lang.StringBuilder.append(StringBuilder.java:131) ~[na:1.8.0_131]
	at com.jpa.hibernate.demo.entity.Rating.toString(Rating.java:55) ~[classes/:na]
	at java.lang.String.valueOf(String.java:2994) ~[na:1.8.0_131]
	at java.lang.StringBuilder.append(StringBuilder.java:131) ~[na:1.8.0_131]
	at java.util.AbstractCollection.toString(AbstractCollection.java:462) ~[na:1.8.0_131]
	at org.hibernate.collection.internal.PersistentBag.toString(PersistentBag.java:510) ~[hibernate-core-5.0.12.Final.jar:5.0.12.Final]
	at java.lang.String.valueOf(String.java:2994) ~[na:1.8.0_131]
	at java.lang.StringBuilder.append(StringBuilder.java:131) ~[na:1.8.0_131]
	at com.jpa.hibernate.demo.entity.Course.toString(Course.java:105) ~[classes/:na]
	at java.lang.String.valueOf(String.java:2994) ~[na:1.8.0_131]
	at java.lang.StringBuilder.append(StringBuilder.java:131) ~[na:1.8.0_131]
	at com.jpa.hibernate.demo.entity.Rating.toString(Rating.java:55) ~[classes/:na]
	at java.lang.String.valueOf(String.java:2994) ~[na:1.8.0_131]
	at java.lang.StringBuilder.append(StringBuilder.java:131) ~[na:1.8.0_131]
	at java.util.AbstractCollection.toString(AbstractCollection.java:462) ~[na:1.8.0_131]
	at org.hibernate.collection.internal.PersistentBag.toString(PersistentBag.java:510) ~[hibernate-core-5.0.12.Final.jar:5.0.12.Final]
	at java.lang.String.valueOf(String.java:2994) ~[na:1.8.0_131]
	at java.lang.StringBuilder.append(StringBuilder.java:131) ~[na:1.8.0_131]
	at com.jpa.hibernate.demo.entity.Course.toString(Course.java:105) ~[classes/:na]
	at java.lang.String.valueOf(String.java:2994) ~[na:1.8.0_131]
	at java.lang.StringBuilder.append(StringBuilder.java:131) ~[na:1.8.0_131]
	at com.jpa.hibernate.demo.entity.Rating.toString(Rating.java:55) ~[classes/:na]
	at java.lang.String.valueOf(String.java:2994) ~[na:1.8.0_131]
	at java.lang.StringBuilder.append(StringBuilder.java:131) ~[na:1.8.0_131]
	at java.util.AbstractCollection.toString(AbstractCollection.java:462) ~[na:1.8.0_131]
	at org.hibernate.collection.internal.PersistentBag.toString(PersistentBag.java:510) ~[hibernate-core-5.0.12.Final.jar:5.0.12.Final]
	at java.lang.String.valueOf(String.java:2994) ~[na:1.8.0_131]
	at java.lang.StringBuilder.append(StringBuilder.java:131) ~[na:1.8.0_131]

]]></system-out>
    <system-err><![CDATA[Wed Jun 19 12:01:16 IST 2019 WARN: Establishing SSL connection without server's identity verification is not recommended. According to MySQL 5.5.45+, 5.6.26+ and 5.7.6+ requirements SSL connection must be established by default if explicit option isn't set. For compliance with existing applications not using SSL the verifyServerCertificate property is set to 'false'. You need either to explicitly disable SSL by setting useSSL=false, or set useSSL=true and provide truststore for server certificate verification.
Wed Jun 19 12:01:16 IST 2019 WARN: Establishing SSL connection without server's identity verification is not recommended. According to MySQL 5.5.45+, 5.6.26+ and 5.7.6+ requirements SSL connection must be established by default if explicit option isn't set. For compliance with existing applications not using SSL the verifyServerCertificate property is set to 'false'. You need either to explicitly disable SSL by setting useSSL=false, or set useSSL=true and provide truststore for server certificate verification.
Wed Jun 19 12:01:16 IST 2019 WARN: Establishing SSL connection without server's identity verification is not recommended. According to MySQL 5.5.45+, 5.6.26+ and 5.7.6+ requirements SSL connection must be established by default if explicit option isn't set. For compliance with existing applications not using SSL the verifyServerCertificate property is set to 'false'. You need either to explicitly disable SSL by setting useSSL=false, or set useSSL=true and provide truststore for server certificate verification.
Wed Jun 19 12:01:16 IST 2019 WARN: Establishing SSL connection without server's identity verification is not recommended. According to MySQL 5.5.45+, 5.6.26+ and 5.7.6+ requirements SSL connection must be established by default if explicit option isn't set. For compliance with existing applications not using SSL the verifyServerCertificate property is set to 'false'. You need either to explicitly disable SSL by setting useSSL=false, or set useSSL=true and provide truststore for server certificate verification.
Wed Jun 19 12:01:16 IST 2019 WARN: Establishing SSL connection without server's identity verification is not recommended. According to MySQL 5.5.45+, 5.6.26+ and 5.7.6+ requirements SSL connection must be established by default if explicit option isn't set. For compliance with existing applications not using SSL the verifyServerCertificate property is set to 'false'. You need either to explicitly disable SSL by setting useSSL=false, or set useSSL=true and provide truststore for server certificate verification.
Wed Jun 19 12:01:16 IST 2019 WARN: Establishing SSL connection without server's identity verification is not recommended. According to MySQL 5.5.45+, 5.6.26+ and 5.7.6+ requirements SSL connection must be established by default if explicit option isn't set. For compliance with existing applications not using SSL the verifyServerCertificate property is set to 'false'. You need either to explicitly disable SSL by setting useSSL=false, or set useSSL=true and provide truststore for server certificate verification.
Wed Jun 19 12:01:16 IST 2019 WARN: Establishing SSL connection without server's identity verification is not recommended. According to MySQL 5.5.45+, 5.6.26+ and 5.7.6+ requirements SSL connection must be established by default if explicit option isn't set. For compliance with existing applications not using SSL the verifyServerCertificate property is set to 'false'. You need either to explicitly disable SSL by setting useSSL=false, or set useSSL=true and provide truststore for server certificate verification.
Wed Jun 19 12:01:16 IST 2019 WARN: Establishing SSL connection without server's identity verification is not recommended. According to MySQL 5.5.45+, 5.6.26+ and 5.7.6+ requirements SSL connection must be established by default if explicit option isn't set. For compliance with existing applications not using SSL the verifyServerCertificate property is set to 'false'. You need either to explicitly disable SSL by setting useSSL=false, or set useSSL=true and provide truststore for server certificate verification.
Wed Jun 19 12:01:16 IST 2019 WARN: Establishing SSL connection without server's identity verification is not recommended. According to MySQL 5.5.45+, 5.6.26+ and 5.7.6+ requirements SSL connection must be established by default if explicit option isn't set. For compliance with existing applications not using SSL the verifyServerCertificate property is set to 'false'. You need either to explicitly disable SSL by setting useSSL=false, or set useSSL=true and provide truststore for server certificate verification.
Wed Jun 19 12:01:16 IST 2019 WARN: Establishing SSL connection without server's identity verification is not recommended. According to MySQL 5.5.45+, 5.6.26+ and 5.7.6+ requirements SSL connection must be established by default if explicit option isn't set. For compliance with existing applications not using SSL the verifyServerCertificate property is set to 'false'. You need either to explicitly disable SSL by setting useSSL=false, or set useSSL=true and provide truststore for server certificate verification.
]]></system-err>
  </testcase>
</testsuite>